\BOOKMARK [1][-]{section.1}{\376\377\000K\000a\000m\000i\000l\000\040\000G\000r\000z\000y\000m\000k\000o\000w\000s\000k\000i\000\040\000\050\0001\0005\0001\0009\0000\0008\000\051\000,\000\040\000A\000p\000p\000l\000i\000c\000a\000t\000i\000o\000n\000\040\000S\000e\000c\000u\000r\000i\000t\000y}{}% 1
\BOOKMARK [2][-]{subsection.1.1}{\376\377\000D\000o\000c\000u\000m\000e\000n\000t\000\040\000V\000e\000r\000s\000i\000o\000n\000\040\000N\000o\000t\000i\000c\000e}{section.1}% 2
\BOOKMARK [2][-]{subsection.1.2}{\376\377\000E\000x\000e\000r\000c\000i\000s\000e\000\040\000D\000e\000s\000c\000r\000i\000p\000t\000i\000o\000n}{section.1}% 3
\BOOKMARK [1][-]{section.2}{\376\377\000C\000o\000m\000p\000o\000n\000e\000n\000t\000\040\000D\000e\000s\000c\000r\000i\000p\000t\000i\000o\000n}{}% 4
\BOOKMARK [2][-]{subsection.2.1}{\376\377\000P\000u\000r\000p\000o\000s\000e}{section.2}% 5
\BOOKMARK [2][-]{subsection.2.2}{\376\377\000R\000e\000s\000p\000o\000n\000s\000i\000b\000i\000l\000i\000t\000i\000e\000s}{section.2}% 6
\BOOKMARK [3][-]{subsubsection.2.2.1}{\376\377\000R\000e\000g\000i\000s\000t\000r\000a\000t\000i\000o\000n}{subsection.2.2}% 7
\BOOKMARK [3][-]{subsubsection.2.2.2}{\376\377\000L\000o\000g\000i\000n\000\040\000a\000n\000d\000\040\000S\000e\000s\000s\000i\000o\000n\000\040\000M\000a\000n\000a\000g\000e\000m\000e\000n\000t}{subsection.2.2}% 8
\BOOKMARK [3][-]{subsubsection.2.2.3}{\376\377\000P\000a\000s\000s\000w\000o\000r\000d\000\040\000R\000e\000s\000e\000t}{subsection.2.2}% 9
\BOOKMARK [2][-]{subsection.2.3}{\376\377\000S\000e\000c\000u\000r\000i\000t\000y\000\040\000A\000s\000s\000u\000m\000p\000t\000i\000o\000n\000s}{section.2}% 10
\BOOKMARK [1][-]{section.3}{\376\377\000C\000o\000m\000p\000o\000n\000e\000n\000t\000\040\000R\000e\000q\000u\000i\000r\000e\000m\000e\000n\000t\000s}{}% 11
\BOOKMARK [2][-]{subsection.3.1}{\376\377\000F\000u\000n\000c\000t\000i\000o\000n\000a\000l\000\040\000R\000e\000q\000u\000i\000r\000e\000m\000e\000n\000t\000s}{section.3}% 12
\BOOKMARK [3][-]{subsubsection.3.1.1}{\376\377\000F\000R\000-\0001\000:\000\040\000U\000s\000e\000r\000\040\000R\000e\000g\000i\000s\000t\000r\000a\000t\000i\000o\000n}{subsection.3.1}% 13
\BOOKMARK [3][-]{subsubsection.3.1.2}{\376\377\000F\000R\000-\0002\000:\000\040\000E\000m\000a\000i\000l\000\040\000V\000e\000r\000i\000f\000i\000c\000a\000t\000i\000o\000n}{subsection.3.1}% 14
\BOOKMARK [3][-]{subsubsection.3.1.3}{\376\377\000F\000R\000-\0003\000:\000\040\000I\000n\000p\000u\000t\000\040\000V\000a\000l\000i\000d\000a\000t\000i\000o\000n}{subsection.3.1}% 15
\BOOKMARK [3][-]{subsubsection.3.1.4}{\376\377\000F\000R\000-\0004\000:\000\040\000E\000r\000r\000o\000r\000\040\000H\000a\000n\000d\000l\000i\000n\000g}{subsection.3.1}% 16
\BOOKMARK [3][-]{subsubsection.3.1.5}{\376\377\000F\000R\000-\0005\000:\000\040\000T\000o\000k\000e\000n\000\040\000L\000i\000f\000e\000c\000y\000c\000l\000e}{subsection.3.1}% 17
\BOOKMARK [3][-]{subsubsection.3.1.6}{\376\377\000F\000R\000-\0006\000:\000\040\000U\000s\000e\000r\000\040\000L\000o\000g\000i\000n}{subsection.3.1}% 18
\BOOKMARK [3][-]{subsubsection.3.1.7}{\376\377\000F\000R\000-\0007\000:\000\040\000S\000e\000s\000s\000i\000o\000n\000\040\000M\000a\000n\000a\000g\000e\000m\000e\000n\000t}{subsection.3.1}% 19
\BOOKMARK [3][-]{subsubsection.3.1.8}{\376\377\000F\000R\000-\0008\000:\000\040\000U\000s\000e\000r\000\040\000L\000o\000g\000o\000u\000t}{subsection.3.1}% 20
\BOOKMARK [3][-]{subsubsection.3.1.9}{\376\377\000F\000R\000-\0009\000:\000\040\000P\000a\000s\000s\000w\000o\000r\000d\000\040\000R\000e\000s\000e\000t\000\040\000R\000e\000q\000u\000e\000s\000t}{subsection.3.1}% 21
\BOOKMARK [3][-]{subsubsection.3.1.10}{\376\377\000F\000R\000-\0001\0000\000:\000\040\000P\000a\000s\000s\000w\000o\000r\000d\000\040\000R\000e\000s\000e\000t\000\040\000C\000o\000m\000p\000l\000e\000t\000i\000o\000n}{subsection.3.1}% 22
\BOOKMARK [2][-]{subsection.3.2}{\376\377\000N\000o\000n\000-\000F\000u\000n\000c\000t\000i\000o\000n\000a\000l\000\040\000R\000e\000q\000u\000i\000r\000e\000m\000e\000n\000t\000s}{section.3}% 23
\BOOKMARK [3][-]{subsubsection.3.2.1}{\376\377\000N\000F\000R\000-\0001\000:\000\040\000S\000e\000c\000u\000r\000i\000t\000y}{subsection.3.2}% 24
\BOOKMARK [3][-]{subsubsection.3.2.2}{\376\377\000N\000F\000R\000-\0002\000:\000\040\000R\000e\000l\000i\000a\000b\000i\000l\000i\000t\000y}{subsection.3.2}% 25
\BOOKMARK [3][-]{subsubsection.3.2.3}{\376\377\000N\000F\000R\000-\0003\000:\000\040\000U\000s\000a\000b\000i\000l\000i\000t\000y}{subsection.3.2}% 26
\BOOKMARK [3][-]{subsubsection.3.2.4}{\376\377\000N\000F\000R\000-\0004\000:\000\040\000P\000e\000r\000f\000o\000r\000m\000a\000n\000c\000e}{subsection.3.2}% 27
\BOOKMARK [1][-]{section.4}{\376\377\000C\000o\000m\000p\000o\000n\000e\000n\000t\000\040\000A\000r\000c\000h\000i\000t\000e\000c\000t\000u\000r\000e}{}% 28
\BOOKMARK [2][-]{subsection.4.1}{\376\377\000T\000e\000c\000h\000n\000o\000l\000o\000g\000y\000\040\000S\000t\000a\000c\000k}{section.4}% 29
\BOOKMARK [2][-]{subsection.4.2}{\376\377\000O\000p\000e\000n\000A\000P\000I\000\040\000a\000n\000d\000\040\000C\000l\000i\000e\000n\000t\000\040\000G\000e\000n\000e\000r\000a\000t\000i\000o\000n}{section.4}% 30
\BOOKMARK [2][-]{subsection.4.3}{\376\377\000H\000i\000g\000h\000-\000L\000e\000v\000e\000l\000\040\000A\000r\000c\000h\000i\000t\000e\000c\000t\000u\000r\000e\000\040\000D\000i\000a\000g\000r\000a\000m}{section.4}% 31
\BOOKMARK [1][-]{section.5}{\376\377\000D\000a\000t\000a\000b\000a\000s\000e\000\040\000S\000t\000r\000u\000c\000t\000u\000r\000e}{}% 32
\BOOKMARK [2][-]{subsection.5.1}{\376\377\000U\000s\000e\000r\000\040\000L\000o\000g\000i\000n\000\040\000T\000a\000b\000l\000e\000\040\000\050\000u\000s\000e\000r\000\137\000l\000o\000g\000i\000n\000\051}{section.5}% 33
\BOOKMARK [2][-]{subsection.5.2}{\376\377\000U\000s\000e\000r\000\040\000S\000e\000s\000s\000i\000o\000n\000s\000\040\000T\000a\000b\000l\000e\000\040\000\050\000u\000s\000e\000r\000\137\000s\000e\000s\000s\000i\000o\000n\000s\000\051}{section.5}% 34
\BOOKMARK [2][-]{subsection.5.3}{\376\377\000U\000s\000e\000r\000\040\000D\000a\000t\000a\000\040\000T\000a\000b\000l\000e\000\040\000\050\000u\000s\000e\000r\000\137\000d\000a\000t\000a\000\051}{section.5}% 35
\BOOKMARK [2][-]{subsection.5.4}{\376\377\000E\000m\000a\000i\000l\000\040\000V\000e\000r\000i\000f\000i\000c\000a\000t\000i\000o\000n\000\040\000T\000o\000k\000e\000n\000s\000\040\000T\000a\000b\000l\000e\000\040\000\050\000e\000m\000a\000i\000l\000\137\000v\000e\000r\000i\000f\000i\000c\000a\000t\000i\000o\000n\000\137\000t\000o\000k\000e\000n\000s\000\051}{section.5}% 36
\BOOKMARK [2][-]{subsection.5.5}{\376\377\000P\000a\000s\000s\000w\000o\000r\000d\000\040\000R\000e\000s\000e\000t\000\040\000T\000o\000k\000e\000n\000s\000\040\000T\000a\000b\000l\000e\000\040\000\050\000p\000a\000s\000s\000w\000o\000r\000d\000\137\000r\000e\000s\000e\000t\000\137\000t\000o\000k\000e\000n\000s\000\051}{section.5}% 37
\BOOKMARK [2][-]{subsection.5.6}{\376\377\000D\000a\000t\000a\000b\000a\000s\000e\000\040\000C\000o\000n\000f\000i\000g\000u\000r\000a\000t\000i\000o\000n}{section.5}% 38
\BOOKMARK [1][-]{section.6}{\376\377\000U\000M\000L\000\040\000S\000e\000q\000u\000e\000n\000c\000e\000\040\000D\000i\000a\000g\000r\000a\000m\000s}{}% 39
\BOOKMARK [2][-]{subsection.6.1}{\376\377\000R\000e\000g\000i\000s\000t\000r\000a\000t\000i\000o\000n\000\040\000F\000l\000o\000w\000\040\000S\000e\000q\000u\000e\000n\000c\000e\000\040\000D\000i\000a\000g\000r\000a\000m}{section.6}% 40
\BOOKMARK [2][-]{subsection.6.2}{\376\377\000V\000e\000r\000i\000f\000i\000c\000a\000t\000i\000o\000n\000\040\000/\000\040\000A\000c\000t\000i\000v\000a\000t\000i\000o\000n\000\040\000F\000l\000o\000w\000\040\000S\000e\000q\000u\000e\000n\000c\000e\000\040\000D\000i\000a\000g\000r\000a\000m}{section.6}% 41
\BOOKMARK [2][-]{subsection.6.3}{\376\377\000L\000o\000g\000i\000n\000\040\000F\000l\000o\000w\000\040\000S\000e\000q\000u\000e\000n\000c\000e\000\040\000D\000i\000a\000g\000r\000a\000m}{section.6}% 42
\BOOKMARK [1][-]{section.7}{\376\377\000S\000e\000c\000u\000r\000i\000t\000y\000\040\000M\000e\000c\000h\000a\000n\000i\000s\000m\000s}{}% 43
\BOOKMARK [2][-]{subsection.7.1}{\376\377\000P\000a\000s\000s\000w\000o\000r\000d\000\040\000S\000e\000c\000u\000r\000i\000t\000y}{section.7}% 44
\BOOKMARK [2][-]{subsection.7.2}{\376\377\000T\000o\000k\000e\000n\000\040\000S\000e\000c\000u\000r\000i\000t\000y}{section.7}% 45
\BOOKMARK [3][-]{subsubsection.7.2.1}{\376\377\000E\000m\000a\000i\000l\000\040\000V\000e\000r\000i\000f\000i\000c\000a\000t\000i\000o\000n\000\040\000T\000o\000k\000e\000n\000s}{subsection.7.2}% 46
\BOOKMARK [3][-]{subsubsection.7.2.2}{\376\377\000S\000e\000s\000s\000i\000o\000n\000\040\000T\000o\000k\000e\000n\000s}{subsection.7.2}% 47
\BOOKMARK [3][-]{subsubsection.7.2.3}{\376\377\000P\000a\000s\000s\000w\000o\000r\000d\000\040\000R\000e\000s\000e\000t\000\040\000T\000o\000k\000e\000n\000s}{subsection.7.2}% 48
\BOOKMARK [2][-]{subsection.7.3}{\376\377\000S\000e\000s\000s\000i\000o\000n\000\040\000M\000a\000n\000a\000g\000e\000m\000e\000n\000t\000\040\000S\000e\000c\000u\000r\000i\000t\000y}{section.7}% 49
\BOOKMARK [2][-]{subsection.7.4}{\376\377\000T\000r\000a\000n\000s\000p\000o\000r\000t\000\040\000L\000a\000y\000e\000r\000\040\000S\000e\000c\000u\000r\000i\000t\000y\000\040\000\050\000T\000L\000S\000\051}{section.7}% 50
\BOOKMARK [2][-]{subsection.7.5}{\376\377\000H\000T\000T\000P\000\040\000S\000t\000r\000i\000c\000t\000\040\000T\000r\000a\000n\000s\000p\000o\000r\000t\000\040\000S\000e\000c\000u\000r\000i\000t\000y\000\040\000\050\000H\000S\000T\000S\000\051}{section.7}% 51
\BOOKMARK [2][-]{subsection.7.6}{\376\377\000C\000r\000o\000s\000s\000-\000O\000r\000i\000g\000i\000n\000\040\000R\000e\000s\000o\000u\000r\000c\000e\000\040\000S\000h\000a\000r\000i\000n\000g\000\040\000\050\000C\000O\000R\000S\000\051}{section.7}% 52
\BOOKMARK [2][-]{subsection.7.7}{\376\377\000R\000o\000l\000e\000-\000B\000a\000s\000e\000d\000\040\000A\000c\000c\000e\000s\000s\000\040\000C\000o\000n\000t\000r\000o\000l}{section.7}% 53
\BOOKMARK [2][-]{subsection.7.8}{\376\377\000D\000a\000t\000a\000b\000a\000s\000e\000\040\000E\000n\000c\000r\000y\000p\000t\000i\000o\000n}{section.7}% 54
\BOOKMARK [2][-]{subsection.7.9}{\376\377\000A\000n\000t\000i\000-\000E\000n\000u\000m\000e\000r\000a\000t\000i\000o\000n\000\040\000M\000e\000a\000s\000u\000r\000e\000s}{section.7}% 55
\BOOKMARK [2][-]{subsection.7.10}{\376\377\000E\000r\000r\000o\000r\000\040\000H\000a\000n\000d\000l\000i\000n\000g}{section.7}% 56
\BOOKMARK [2][-]{subsection.7.11}{\376\377\000A\000u\000t\000o\000m\000a\000t\000i\000c\000\040\000C\000l\000e\000a\000n\000u\000p}{section.7}% 57
\BOOKMARK [2][-]{subsection.7.12}{\376\377\000I\000n\000p\000u\000t\000\040\000V\000a\000l\000i\000d\000a\000t\000i\000o\000n}{section.7}% 58
\BOOKMARK [2][-]{subsection.7.13}{\376\377\000F\000u\000t\000u\000r\000e\000\040\000E\000n\000h\000a\000n\000c\000e\000m\000e\000n\000t\000s}{section.7}% 59
\BOOKMARK [1][-]{section.8}{\376\377\000A\000P\000I\000\040\000R\000e\000f\000e\000r\000e\000n\000c\000e}{}% 60
\BOOKMARK [2][-]{subsection.8.1}{\376\377\000E\000n\000d\000p\000o\000i\000n\000t\000s\000\040\000O\000v\000e\000r\000v\000i\000e\000w}{section.8}% 61
\BOOKMARK [2][-]{subsection.8.2}{\376\377\000P\000O\000S\000T\000\040\000/\000a\000p\000i\000/\000r\000e\000g\000i\000s\000t\000e\000r}{section.8}% 62
\BOOKMARK [2][-]{subsection.8.3}{\376\377\000P\000O\000S\000T\000\040\000/\000a\000p\000i\000/\000v\000e\000r\000i\000f\000y\000-\000e\000m\000a\000i\000l}{section.8}% 63
\BOOKMARK [2][-]{subsection.8.4}{\376\377\000P\000O\000S\000T\000\040\000/\000a\000p\000i\000/\000l\000o\000g\000i\000n}{section.8}% 64
\BOOKMARK [2][-]{subsection.8.5}{\376\377\000P\000O\000S\000T\000\040\000/\000a\000p\000i\000/\000l\000o\000g\000o\000u\000t}{section.8}% 65
\BOOKMARK [2][-]{subsection.8.6}{\376\377\000G\000E\000T\000\040\000/\000a\000p\000i\000/\000a\000u\000t\000h\000/\000c\000h\000e\000c\000k}{section.8}% 66
\BOOKMARK [2][-]{subsection.8.7}{\376\377\000P\000O\000S\000T\000\040\000/\000a\000p\000i\000/\000a\000u\000t\000h\000/\000r\000e\000f\000r\000e\000s\000h}{section.8}% 67
\BOOKMARK [2][-]{subsection.8.8}{\376\377\000P\000O\000S\000T\000\040\000/\000a\000p\000i\000/\000r\000e\000q\000u\000e\000s\000t\000-\000p\000a\000s\000s\000w\000o\000r\000d\000-\000r\000e\000s\000e\000t}{section.8}% 68
\BOOKMARK [2][-]{subsection.8.9}{\376\377\000P\000O\000S\000T\000\040\000/\000a\000p\000i\000/\000c\000o\000m\000p\000l\000e\000t\000e\000-\000p\000a\000s\000s\000w\000o\000r\000d\000-\000r\000e\000s\000e\000t}{section.8}% 69
\BOOKMARK [2][-]{subsection.8.10}{\376\377\000G\000E\000T\000\040\000/\000a\000p\000i\000/\000h\000e\000a\000l\000t\000h}{section.8}% 70
\BOOKMARK [2][-]{subsection.8.11}{\376\377\000C\000o\000m\000m\000o\000n\000\040\000E\000r\000r\000o\000r\000\040\000C\000o\000d\000e\000s}{section.8}% 71
\BOOKMARK [2][-]{subsection.8.12}{\376\377\000V\000a\000l\000i\000d\000a\000t\000i\000o\000n\000\040\000E\000r\000r\000o\000r\000\040\000C\000o\000d\000e\000s}{section.8}% 72
\BOOKMARK [2][-]{subsection.8.13}{\376\377\000T\000y\000p\000e\000\040\000D\000e\000f\000i\000n\000i\000t\000i\000o\000n\000s}{section.8}% 73
\BOOKMARK [1][-]{section.9}{\376\377\000I\000m\000p\000l\000e\000m\000e\000n\000t\000a\000t\000i\000o\000n\000\040\000D\000e\000t\000a\000i\000l\000s}{}% 74
\BOOKMARK [2][-]{subsection.9.1}{\376\377\000U\000s\000e\000r\000\040\000I\000n\000t\000e\000r\000f\000a\000c\000e\000\040\000-\000\040\000R\000e\000g\000i\000s\000t\000r\000a\000t\000i\000o\000n}{section.9}% 75
\BOOKMARK [2][-]{subsection.9.2}{\376\377\000U\000s\000e\000r\000\040\000I\000n\000t\000e\000r\000f\000a\000c\000e\000\040\000-\000\040\000L\000o\000g\000i\000n}{section.9}% 76
\BOOKMARK [2][-]{subsection.9.3}{\376\377\000U\000s\000e\000r\000\040\000I\000n\000t\000e\000r\000f\000a\000c\000e\000\040\000-\000\040\000P\000a\000s\000s\000w\000o\000r\000d\000\040\000R\000e\000s\000e\000t}{section.9}% 77
\BOOKMARK [2][-]{subsection.9.4}{\376\377\000F\000r\000o\000n\000t\000e\000n\000d\000\040\000C\000l\000i\000e\000n\000t\000\040\000G\000e\000n\000e\000r\000a\000t\000i\000o\000n}{section.9}% 78
\BOOKMARK [2][-]{subsection.9.5}{\376\377\000R\000e\000g\000i\000s\000t\000r\000a\000t\000i\000o\000n\000\040\000F\000l\000o\000w\000\040\000I\000m\000p\000l\000e\000m\000e\000n\000t\000a\000t\000i\000o\000n}{section.9}% 79
\BOOKMARK [2][-]{subsection.9.6}{\376\377\000E\000m\000a\000i\000l\000\040\000V\000e\000r\000i\000f\000i\000c\000a\000t\000i\000o\000n\000\040\000I\000m\000p\000l\000e\000m\000e\000n\000t\000a\000t\000i\000o\000n}{section.9}% 80
\BOOKMARK [2][-]{subsection.9.7}{\376\377\000P\000a\000s\000s\000w\000o\000r\000d\000\040\000S\000t\000r\000e\000n\000g\000t\000h\000\040\000V\000a\000l\000i\000d\000a\000t\000i\000o\000n}{section.9}% 81
\BOOKMARK [2][-]{subsection.9.8}{\376\377\000S\000e\000s\000s\000i\000o\000n\000\040\000M\000a\000n\000a\000g\000e\000m\000e\000n\000t\000\040\000I\000m\000p\000l\000e\000m\000e\000n\000t\000a\000t\000i\000o\000n}{section.9}% 82
\BOOKMARK [2][-]{subsection.9.9}{\376\377\000B\000a\000c\000k\000e\000n\000d\000\040\000I\000m\000p\000l\000e\000m\000e\000n\000t\000a\000t\000i\000o\000n\000\040\000E\000x\000a\000m\000p\000l\000e\000s}{section.9}% 83
\BOOKMARK [3][-]{subsubsection.9.9.1}{\376\377\000P\000a\000s\000s\000w\000o\000r\000d\000\040\000S\000t\000r\000e\000n\000g\000t\000h\000\040\000C\000a\000l\000c\000u\000l\000a\000t\000i\000o\000n\000\040\000\050\000R\000u\000s\000t\000\051}{subsection.9.9}% 84
\BOOKMARK [3][-]{subsubsection.9.9.2}{\376\377\000L\000o\000g\000i\000n\000\040\000H\000a\000n\000d\000l\000e\000r\000\040\000w\000i\000t\000h\000\040\000S\000e\000s\000s\000i\000o\000n\000\040\000C\000r\000e\000a\000t\000i\000o\000n\000\040\000\050\000R\000u\000s\000t\000\051}{subsection.9.9}% 85
\BOOKMARK [3][-]{subsubsection.9.9.3}{\376\377\000S\000e\000s\000s\000i\000o\000n\000\040\000D\000a\000t\000a\000b\000a\000s\000e\000\040\000O\000p\000e\000r\000a\000t\000i\000o\000n\000s\000\040\000\050\000R\000u\000s\000t\000\051}{subsection.9.9}% 86
\BOOKMARK [2][-]{subsection.9.10}{\376\377\000I\000m\000p\000l\000e\000m\000e\000n\000t\000a\000t\000i\000o\000n\000\040\000F\000i\000l\000e\000s}{section.9}% 87
\BOOKMARK [3][-]{subsubsection.9.10.1}{\376\377\000B\000a\000c\000k\000e\000n\000d\000\040\000F\000i\000l\000e\000s}{subsection.9.10}% 88
\BOOKMARK [3][-]{subsubsection.9.10.2}{\376\377\000F\000r\000o\000n\000t\000e\000n\000d\000\040\000F\000i\000l\000e\000s}{subsection.9.10}% 89
\BOOKMARK [3][-]{subsubsection.9.10.3}{\376\377\000G\000e\000n\000e\000r\000a\000t\000e\000d\000\040\000F\000i\000l\000e\000s\000\040\000\050\000A\000u\000t\000o\000-\000G\000e\000n\000e\000r\000a\000t\000e\000d\000\051}{subsection.9.10}% 90
\BOOKMARK [3][-]{subsubsection.9.10.4}{\376\377\000S\000h\000a\000r\000e\000d\000\040\000C\000r\000a\000t\000e\000s}{subsection.9.10}% 91
\BOOKMARK [3][-]{subsubsection.9.10.5}{\376\377\000B\000u\000i\000l\000d\000\040\000a\000n\000d\000\040\000C\000o\000n\000f\000i\000g\000u\000r\000a\000t\000i\000o\000n\000\040\000F\000i\000l\000e\000s}{subsection.9.10}% 92
\BOOKMARK [1][-]{section.10}{\376\377\000B\000u\000i\000l\000d\000i\000n\000g\000\040\000a\000n\000d\000\040\000R\000u\000n\000n\000i\000n\000g}{}% 93
\BOOKMARK [2][-]{subsection.10.1}{\376\377\000B\000u\000i\000l\000d\000\040\000P\000r\000o\000c\000e\000s\000s}{section.10}% 94
\BOOKMARK [2][-]{subsection.10.2}{\376\377\000D\000e\000v\000e\000l\000o\000p\000m\000e\000n\000t\000\040\000M\000o\000d\000e}{section.10}% 95
\BOOKMARK [2][-]{subsection.10.3}{\376\377\000P\000r\000o\000d\000u\000c\000t\000i\000o\000n\000\040\000M\000o\000d\000e}{section.10}% 96
\BOOKMARK [2][-]{subsection.10.4}{\376\377\000C\000o\000n\000f\000i\000g\000u\000r\000a\000t\000i\000o\000n}{section.10}% 97
\BOOKMARK [2][-]{subsection.10.5}{\376\377\000D\000o\000c\000k\000e\000r\000\040\000D\000e\000p\000l\000o\000y\000m\000e\000n\000t}{section.10}% 98
\BOOKMARK [3][-]{subsubsection.10.5.1}{\376\377\000P\000r\000e\000r\000e\000q\000u\000i\000s\000i\000t\000e\000s}{subsection.10.5}% 99
\BOOKMARK [3][-]{subsubsection.10.5.2}{\376\377\000G\000e\000n\000e\000r\000a\000t\000e\000\040\000T\000L\000S\000\040\000C\000e\000r\000t\000i\000f\000i\000c\000a\000t\000e\000s}{subsection.10.5}% 100
\BOOKMARK [3][-]{subsubsection.10.5.3}{\376\377\000S\000e\000t\000\040\000E\000n\000v\000i\000r\000o\000n\000m\000e\000n\000t\000\040\000V\000a\000r\000i\000a\000b\000l\000e\000s}{subsection.10.5}% 101
\BOOKMARK [3][-]{subsubsection.10.5.4}{\376\377\000D\000o\000c\000k\000e\000r\000\040\000C\000o\000m\000p\000o\000s\000e\000\040\000C\000o\000n\000f\000i\000g\000u\000r\000a\000t\000i\000o\000n}{subsection.10.5}% 102
\BOOKMARK [3][-]{subsubsection.10.5.5}{\376\377\000B\000u\000i\000l\000d\000\040\000a\000n\000d\000\040\000R\000u\000n}{subsection.10.5}% 103
\BOOKMARK [3][-]{subsubsection.10.5.6}{\376\377\000V\000e\000r\000i\000f\000y\000\040\000D\000e\000p\000l\000o\000y\000m\000e\000n\000t}{subsection.10.5}% 104
\BOOKMARK [3][-]{subsubsection.10.5.7}{\376\377\000A\000c\000c\000e\000s\000s\000i\000n\000g\000\040\000t\000h\000e\000\040\000A\000p\000p\000l\000i\000c\000a\000t\000i\000o\000n}{subsection.10.5}% 105
\BOOKMARK [2][-]{subsection.10.6}{\376\377\000P\000r\000o\000d\000u\000c\000t\000i\000o\000n\000\040\000D\000e\000p\000l\000o\000y\000m\000e\000n\000t\000\040\000C\000h\000e\000c\000k\000l\000i\000s\000t}{section.10}% 106
\BOOKMARK [1][-]{section.11}{\376\377\000C\000o\000n\000c\000l\000u\000s\000i\000o\000n\000s}{}% 107
\BOOKMARK [2][-]{subsection.11.1}{\376\377\000K\000e\000y\000\040\000I\000m\000p\000l\000e\000m\000e\000n\000t\000a\000t\000i\000o\000n\000\040\000C\000h\000o\000i\000c\000e\000s}{section.11}% 108
\BOOKMARK [3][-]{subsubsection.11.1.1}{\376\377\000P\000a\000s\000s\000w\000o\000r\000d\000\040\000S\000e\000c\000u\000r\000i\000t\000y}{subsection.11.1}% 109
\BOOKMARK [3][-]{subsubsection.11.1.2}{\376\377\000T\000o\000k\000e\000n\000\040\000M\000a\000n\000a\000g\000e\000m\000e\000n\000t}{subsection.11.1}% 110
\BOOKMARK [3][-]{subsubsection.11.1.3}{\376\377\000S\000e\000s\000s\000i\000o\000n\000\040\000S\000e\000c\000u\000r\000i\000t\000y}{subsection.11.1}% 111
\BOOKMARK [3][-]{subsubsection.11.1.4}{\376\377\000C\000r\000o\000s\000s\000-\000P\000l\000a\000t\000f\000o\000r\000m\000\040\000V\000a\000l\000i\000d\000a\000t\000i\000o\000n}{subsection.11.1}% 112
\BOOKMARK [3][-]{subsubsection.11.1.5}{\376\377\000A\000n\000t\000i\000-\000E\000n\000u\000m\000e\000r\000a\000t\000i\000o\000n\000\040\000M\000e\000a\000s\000u\000r\000e\000s}{subsection.11.1}% 113
\BOOKMARK [2][-]{subsection.11.2}{\376\377\000S\000e\000c\000u\000r\000i\000t\000y\000\040\000M\000e\000c\000h\000a\000n\000i\000s\000m\000s\000\040\000S\000u\000m\000m\000a\000r\000y}{section.11}% 114
\BOOKMARK [2][-]{subsection.11.3}{\376\377\000F\000u\000t\000u\000r\000e\000\040\000I\000m\000p\000r\000o\000v\000e\000m\000e\000n\000t\000s}{section.11}% 115
\BOOKMARK [2][-]{subsection.11.4}{\376\377\000L\000e\000s\000s\000o\000n\000s\000\040\000L\000e\000a\000r\000n\000e\000d}{section.11}% 116
\BOOKMARK [1][-]{section.12}{\376\377\000V\000e\000r\000s\000i\000o\000n\000\040\000H\000i\000s\000t\000o\000r\000y}{}% 117
