This is pdfTeX, Version 3.14159265-2.6-1.40.21 (SwiftLaTeX PDFTeX 0.3.0) (preloaded format=swiftlatexpdftex)
entering extended mode
(main.tex
LaTeX2e <2020-02-02> patch level 2
L3 programming layer <2020-02-14> (/tex/article.cls
Document Class: article 2019/12/20 v1.4l Standard LaTeX document class
(/tex/size11.clo)) (/tex/geometry.sty (/tex/keyval.sty) (/tex/ifvtex.sty
(/tex/iftex.sty))) (lmodern.sty) (/tex/fontenc.sty (t1lmr.fd))
(/tex/inputenc.sty) (/tex/hyperref.sty (/tex/ltxcmds.sty) (/tex/pdftexcmds.sty
(/tex/infwarerr.sty)) (/tex/kvsetkeys.sty) (/tex/kvdefinekeys.sty)
(/tex/pdfescape.sty) (/tex/hycolor.sty) (/tex/letltxmacro.sty)
(/tex/auxhook.sty) (/tex/kvoptions.sty) (/tex/pd1enc.def) (/tex/intcalc.sty)
(/tex/etexcmds.sty) (/tex/url.sty) (/tex/bitset.sty (/tex/bigintcalc.sty))
(/tex/atbegshi.sty)) (/tex/hpdftex.def (/tex/atveryend.sty)
(/tex/rerunfilecheck.sty (/tex/uniquecounter.sty))) (/tex/enumitem.sty)
(longtable.sty) (/tex/booktabs.sty) (/tex/titlesec.sty) (caption.sty
(caption3.sty) (ltcaption.sty)) (listings.sty (lstmisc.sty) (listings.cfg))
(/tex/xcolor.sty (/tex/color.cfg) (/tex/pdftex.def)) (/tex/graphicx.sty
(/tex/graphics.sty (/tex/trig.sty) (/tex/graphics.cfg)))
(/tex/l3backend-pdfmode.def) (main.aux

LaTeX Warning: Label `fig:example' multiply defined.

)
*geometry* driver: auto-detecting
*geometry* detected driver: pdftex
(/tex/nameref.sty (/tex/refcount.sty) (/tex/gettitlestring.sty)) (main.out)
(main.out) (/tex/supp-pdf.mkii
[Loading MPS to PDF converter (version 2006.09.02).]
) (ot1lmr.fd) (omllmm.fd) (omslmsy.fd) (omxlmex.fd) (main.toc [1{/tex/pdftex.ma
p}] (t1lmtt.fd)) [2] (ts1lmr.fd) [3] [4] [5] [6] [7]
Overfull \hbox (29.68895pt too wide) in alignment at lines 407--411
 [] [] [] [] 

Overfull \hbox (29.68895pt too wide) in alignment at lines 411--420
 [] [] [] [] 
[8]
Overfull \hbox (52.076pt too wide) in alignment at lines 432--436
 [] [] [] [] 

Overfull \hbox (52.076pt too wide) in alignment at lines 436--444
 [] [] [] [] 

LaTeX Warning: `h' float specifier changed to `ht'.


LaTeX Warning: `h' float specifier changed to `ht'.

[9] [10 <registration-sequence.png>] [11 <verification-sequence.png>] [12]
Overfull \hbox (0.69003pt too wide) in paragraph at lines 649--650
[]\T1/lmr/m/n/10.95 Responds with \T1/lmtt/m/n/10.95 success = true \T1/lmr/m/n
/10.95 on suc-cess-ful ver-i-fi-ca-tion, or \T1/lmtt/m/n/10.95 success = false 
\T1/lmr/m/n/10.95 with a generic
[13] [14] (lstlang1.sty) [15]
Overfull \hbox (6.05286pt too wide) in paragraph at lines 830--831
[]\T1/lmr/m/n/10.95 A mock email with a link like \T1/lmtt/m/n/10.95 https://ex
ample.com/verify-email?token=<token> \T1/lmr/m/n/10.95 is logged. 
[16] [17] (main.aux)

LaTeX Warning: There were multiply-defined labels.

 )
(see the transcript file for additional information){lm-ec.enc}{lm-mathsy.enc}{
lm-ts1.enc}<lmbx10.pfb><lmbx12.pfb><lmr10.pfb><lmr12.pfb><lmr17.pfb><lmsy10.pfb
><lmtk10.pfb><lmtt10.pfb><lmtti10.pfb>
Output written on main.pdf (17 pages, 659688 bytes).
Transcript written on main.log.
I found no \citation commands---while reading file main.aux
I found no \bibdata command---while reading file main.aux
I found no \bibstyle command---while reading file main.aux
(There were 3 error messages)
