[2m   0. 0s[0m [32m INFO[0m Building project...
[2m   1.265s[0m [32m INFO[0m Compiled [  1/607]: build-script-build
[2m   1.265s[0m [32m INFO[0m Compiled [  2/607]: unicode_ident
[2m   1.265s[0m [32m INFO[0m Compiled [  4/607]: build-script-build
[2m   1.265s[0m [32m INFO[0m Compiled [  5/607]: build-script-build
[2m   1.265s[0m [32m INFO[0m Compiled [  6/607]: cfg_if
[2m   1.265s[0m [32m INFO[0m Compiled [  7/607]: version_check
[2m   1.266s[0m [32m INFO[0m Compiled [  8/607]: build-script-build
[2m   1.266s[0m [32m INFO[0m Compiled [  9/607]: build-script-build
[2m   1.266s[0m [32m INFO[0m Compiled [ 10/607]: memchr
[2m   1.266s[0m [32m INFO[0m Compiled [ 11/607]: build-script-build
[2m   1.266s[0m [32m INFO[0m Compiled [ 12/607]: proc_macro2
[2m   1.266s[0m [32m INFO[0m Compiled [ 17/607]: pin_project_lite
[2m   1.267s[0m [32m INFO[0m Compiled [ 18/607]: build-script-build
[2m   1.267s[0m [32m INFO[0m Compiled [ 19/607]: once_cell
[2m   1.267s[0m [32m INFO[0m Compiled [ 20/607]: build-script-build
[2m   1.267s[0m [32m INFO[0m Compiled [ 21/607]: smallvec
[2m   1.267s[0m [32m INFO[0m Compiled [ 22/607]: quote
[2m   1.267s[0m [32m INFO[0m Compiled [ 23/607]: libc
[2m   1.267s[0m [32m INFO[0m Compiled [ 24/607]: serde_core
[2m   1.267s[0m [32m INFO[0m Compiled [ 25/607]: futures_core
[2m   1.267s[0m [32m INFO[0m Compiled [ 26/607]: scopeguard
[2m   1.267s[0m [32m INFO[0m Compiled [ 27/607]: log
[2m   1.267s[0m [32m INFO[0m Compiled [ 28/607]: itoa
[2m   1.267s[0m [32m INFO[0m Compiled [ 29/607]: futures_sink
[2m   1.267s[0m [32m INFO[0m Compiled [ 32/607]: syn
[2m   1.267s[0m [32m INFO[0m Compiled [ 33/607]: getrandom
[2m   1.267s[0m [32m INFO[0m Compiled [ 34/607]: lock_api
[2m   1.267s[0m [32m INFO[0m Compiled [ 35/607]: parking_lot_core
[2m   1.267s[0m [32m INFO[0m Compiled [ 36/607]: futures_channel
[2m   1.267s[0m [32m INFO[0m Compiled [ 37/607]: futures_task
[2m   1.267s[0m [32m INFO[0m Compiled [ 38/607]: slab
[2m   1.267s[0m [32m INFO[0m Compiled [ 39/607]: pin_utils
[2m   1.267s[0m [32m INFO[0m Compiled [ 40/607]: futures_io
[2m   1.267s[0m [32m INFO[0m Compiled [ 41/607]: typenum
[2m   1.267s[0m [32m INFO[0m Compiled [ 42/607]: serde_derive
[2m   1.268s[0m [32m INFO[0m Compiled [ 43/607]: synstructure
[2m   1.268s[0m [32m INFO[0m Compiled [ 44/607]: tracing_attributes
[2m   1.268s[0m [32m INFO[0m Compiled [ 45/607]: futures_macro
[2m   1.268s[0m [32m INFO[0m Compiled [ 46/607]: rand_core
[2m   1.268s[0m [32m INFO[0m Compiled [ 47/607]: zerovec_derive
[2m   1.268s[0m [32m INFO[0m Compiled [ 48/607]: parking_lot
[2m   1.268s[0m [32m INFO[0m Compiled [ 50/607]: displaydoc
[2m   1.268s[0m [32m INFO[0m Compiled [ 51/607]: tracing_core
[2m   1.268s[0m [32m INFO[0m Compiled [ 52/607]: serde
[2m   1.268s[0m [32m INFO[0m Compiled [ 53/607]: zerofrom_derive
[2m   1.268s[0m [32m INFO[0m Compiled [ 54/607]: yoke_derive
[2m   1.268s[0m [32m INFO[0m Compiled [ 55/607]: futures_util
[2m   1.268s[0m [32m INFO[0m Compiled [ 56/607]: generic_array
[2m   1.268s[0m [32m INFO[0m Compiled [ 57/607]: build-script-build
[2m   1.268s[0m [32m INFO[0m Compiled [ 58/607]: tracing
[2m   1.268s[0m [32m INFO[0m Compiled [ 59/607]: thiserror_impl
[2m   1.268s[0m [32m INFO[0m Compiled [ 60/607]: subtle
[2m   1.268s[0m [32m INFO[0m Compiled [ 61/607]: build-script-build
[2m   1.268s[0m [32m INFO[0m Compiled [ 62/607]: bytes
[2m   1.269s[0m [32m INFO[0m Compiled [ 63/607]: crypto_common
[2m   1.269s[0m [32m INFO[0m Compiled [ 65/607]: zerocopy_derive
[2m   1.269s[0m [32m INFO[0m Compiled [ 66/607]: shlex
[2m   1.269s[0m [32m INFO[0m Compiled [ 67/607]: find_msvc_tools
[2m   1.269s[0m [32m INFO[0m Compiled [ 69/607]: build-script-build
[2m   1.269s[0m [32m INFO[0m Compiled [ 70/607]: build-script-build
[2m   1.269s[0m [32m INFO[0m Compiled [ 71/607]: build-script-build
[2m   1.269s[0m [32m INFO[0m Compiled [ 72/607]: cc
[2m   1.269s[0m [32m INFO[0m Compiled [ 73/607]: zerocopy
[2m   1.269s[0m [32m INFO[0m Compiled [ 75/607]: http
[2m   1.269s[0m [32m INFO[0m Compiled [ 76/607]: thiserror
[2m   1.270s[0m [32m INFO[0m Compiled [ 77/607]: build-script-build
[2m   1.270s[0m [32m INFO[0m Compiled [ 79/607]: block_buffer
[2m   1.270s[0m [32m INFO[0m Compiled [ 80/607]: errno
[2m   1.270s[0m [32m INFO[0m Compiled [ 81/607]: build-script-build
[2m   1.270s[0m [32m INFO[0m Compiled [ 82/607]: rustversion
[2m   1.270s[0m [32m INFO[0m Compiled [ 83/607]: libc
[2m   1.270s[0m [32m INFO[0m Compiled [ 84/607]: build-script-build
[2m   1.271s[0m [32m INFO[0m Compiled [ 86/607]: digest
[2m   1.271s[0m [32m INFO[0m Compiled [ 87/607]: signal_hook_registry
[2m   1.271s[0m [32m INFO[0m Compiled [ 88/607]: zerofrom
[2m   1.271s[0m [32m INFO[0m Compiled [ 89/607]: tokio_macros
[2m   1.271s[0m [32m INFO[0m Compiled [ 90/607]: cpufeatures
[2m   1.271s[0m [32m INFO[0m Compiled [ 91/607]: socket2
[2m   1.271s[0m [32m INFO[0m Compiled [ 92/607]: mio
[2m   1.271s[0m [32m INFO[0m Compiled [ 93/607]: stable_deref_trait
[2m   1.271s[0m [32m INFO[0m Compiled [ 94/607]: memchr
[2m   1.271s[0m [32m INFO[0m Compiled [ 95/607]: serde_core
[2m   1.271s[0m [32m INFO[0m Compiled [ 97/607]: percent_encoding
[2m   1.271s[0m [32m INFO[0m Compiled [ 98/607]: allocator_api2
[2m   1.271s[0m [32m INFO[0m Compiled [ 99/607]: autocfg
[2m   1.271s[0m [32m INFO[0m Compiled [100/607]: base64
[2m   1.271s[0m [32m INFO[0m Compiled [101/607]: unicode_xid
[2m   1.271s[0m [32m INFO[0m Compiled [102/607]: yoke
[2m   1.271s[0m [32m INFO[0m Compiled [103/607]: tokio
[2m   1.271s[0m [32m INFO[0m Compiled [104/607]: serde
[2m   1.272s[0m [32m INFO[0m Compiled [105/607]: build-script-build
[2m   1.272s[0m [32m INFO[0m Compiled [108/607]: ppv_lite86
[2m   1.272s[0m [32m INFO[0m Compiled [109/607]: cfg_if
[2m   1.272s[0m [32m INFO[0m Compiled [110/607]: build-script-build
[2m   1.272s[0m [32m INFO[0m Compiled [111/607]: litemap
[2m   1.272s[0m [32m INFO[0m Compiled [112/607]: zerovec
[2m   1.272s[0m [32m INFO[0m Compiled [113/607]: zmij
[2m   1.272s[0m [32m INFO[0m Compiled [114/607]: writeable
[2m   1.272s[0m [32m INFO[0m Compiled [116/607]: zerotrie
[2m   1.272s[0m [32m INFO[0m Compiled [117/607]: const_format_proc_macros
[2m   1.272s[0m [32m INFO[0m Compiled [118/607]: zerofrom
[2m   1.272s[0m [32m INFO[0m Compiled [119/607]: stable_deref_trait
[2m   1.272s[0m [32m INFO[0m Compiled [120/607]: build-script-build
[2m   1.272s[0m [32m INFO[0m Compiled [121/607]: gimli
[2m   1.272s[0m [32m INFO[0m Compiled [122/607]: tinystr
[2m   1.272s[0m [32m INFO[0m Compiled [123/607]: potential_utf
[2m   1.273s[0m [32m INFO[0m Compiled [124/607]: serde_json
[2m   1.273s[0m [32m INFO[0m Compiled [125/607]: adler2
[2m   1.273s[0m [32m INFO[0m Compiled [126/607]: equivalent
[2m   1.273s[0m [32m INFO[0m Compiled [127/607]: yoke
[2m   1.273s[0m [32m INFO[0m Compiled [128/607]: object
[2m   1.273s[0m [32m INFO[0m Compiled [130/607]: addr2line
[2m   1.273s[0m [32m INFO[0m Compiled [132/607]: icu_locale_core
[2m   1.273s[0m [32m INFO[0m Compiled [133/607]: icu_collections
[2m   1.273s[0m [32m INFO[0m Compiled [134/607]: miniz_oxide
[2m   1.273s[0m [32m INFO[0m Compiled [136/607]: build-script-build
[2m   1.273s[0m [32m INFO[0m Compiled [137/607]: core_foundation_sys
[2m   1.273s[0m [32m INFO[0m Compiled [138/607]: bitflags
[2m   1.273s[0m [32m INFO[0m Compiled [139/607]: build-script-build
[2m   1.273s[0m [32m INFO[0m Compiled [140/607]: dioxus_core_types
[2m   1.273s[0m [32m INFO[0m Compiled [141/607]: rustc_demangle
[2m   1.273s[0m [32m INFO[0m Compiled [142/607]: icu_provider
[2m   1.273s[0m [32m INFO[0m Compiled [145/607]: icu_properties_data
[2m   1.274s[0m [32m INFO[0m Compiled [146/607]: backtrace
[2m   1.274s[0m [32m INFO[0m Compiled [147/607]: icu_normalizer_data
[2m   1.274s[0m [32m INFO[0m Compiled [148/607]: httparse
[2m   1.274s[0m [32m INFO[0m Compiled [149/607]: subsecond_types
[2m   1.274s[0m [32m INFO[0m Compiled [150/607]: memmap2
[2m   1.274s[0m [32m INFO[0m Compiled [151/607]: libloading
[2m   1.274s[0m [32m INFO[0m Compiled [152/607]: build-script-build
[2m   1.274s[0m [32m INFO[0m Compiled [153/607]: time_core
[2m   1.274s[0m [32m INFO[0m Compiled [154/607]: unicode_segmentation
[2m   1.274s[0m [32m INFO[0m Compiled [155/607]: foldhash
[2m   1.274s[0m [32m INFO[0m Compiled [156/607]: build-script-build
[2m   1.274s[0m [32m INFO[0m Compiled [157/607]: num_conv
[2m   1.274s[0m [32m INFO[0m Compiled [158/607]: icu_properties
[2m   1.274s[0m [32m INFO[0m Compiled [159/607]: subsecond
[2m   1.274s[0m [32m INFO[0m Compiled [160/607]: icu_normalizer
[2m   1.274s[0m [32m INFO[0m Compiled [161/607]: anyhow
[2m   1.274s[0m [32m INFO[0m Compiled [162/607]: time_macros
[2m   1.274s[0m [32m INFO[0m Compiled [163/607]: hashbrown
[2m   1.274s[0m [32m INFO[0m Compiled [165/607]: slotmap
[2m   1.274s[0m [32m INFO[0m Compiled [166/607]: zerovec
[2m   1.274s[0m [32m INFO[0m Compiled [167/607]: const_format
[2m   1.275s[0m [32m INFO[0m Compiled [168/607]: tokio_util
[2m   1.275s[0m [32m INFO[0m Compiled [169/607]: form_urlencoded
[2m   1.275s[0m [32m INFO[0m Compiled [170/607]: http_body
[2m   1.275s[0m [32m INFO[0m Compiled [171/607]: generational_box
[2m   1.275s[0m [32m INFO[0m Compiled [172/607]: pin_project_internal
[2m   1.275s[0m [32m INFO[0m Compiled [174/607]: rustc_hash
[2m   1.275s[0m [32m INFO[0m Compiled [175/607]: mime
[2m   1.275s[0m [32m INFO[0m Compiled [176/607]: longest_increasing_subsequence
[2m   1.275s[0m [32m INFO[0m Compiled [177/607]: getrandom
[2m   1.275s[0m [32m INFO[0m Compiled [178/607]: idna_adapter
[2m   1.275s[0m [32m INFO[0m Compiled [179/607]: either
[2m   1.275s[0m [32m INFO[0m Compiled [181/607]: tower_layer
[2m   1.275s[0m [32m INFO[0m Compiled [182/607]: dioxus_core
[2m   1.275s[0m [32m INFO[0m Compiled [183/607]: typenum
[2m   1.275s[0m [32m INFO[0m Compiled [184/607]: pin_project
[2m   1.275s[0m [32m INFO[0m Compiled [185/607]: tower_service
[2m   1.275s[0m [32m INFO[0m Compiled [186/607]: utf8_iter
[2m   1.275s[0m [32m INFO[0m Compiled [187/607]: rand_core
[2m   1.275s[0m [32m INFO[0m Compiled [188/607]: indexmap
[2m   1.275s[0m [32m INFO[0m Compiled [190/607]: equivalent
[2m   1.275s[0m [32m INFO[0m Compiled [191/607]: bytes
[2m   1.275s[0m [32m INFO[0m Compiled [192/607]: idna
[2m   1.275s[0m [32m INFO[0m Compiled [193/607]: generic_array
[2m   1.275s[0m [32m INFO[0m Compiled [194/607]: fnv
[2m   1.275s[0m [32m INFO[0m Compiled [195/607]: num_traits
[2m   1.275s[0m [32m INFO[0m Compiled [196/607]: rand_chacha
[2m   1.275s[0m [32m INFO[0m Compiled [197/607]: tinystr
[2m   1.275s[0m [32m INFO[0m Compiled [198/607]: convert_case
[2m   1.275s[0m [32m INFO[0m Compiled [200/607]: sha1
[2m   1.275s[0m [32m INFO[0m Compiled [201/607]: warnings_macro
[2m   1.275s[0m [32m INFO[0m Compiled [202/607]: sync_wrapper
[2m   1.276s[0m [32m INFO[0m Compiled [203/607]: once_cell
[2m   1.276s[0m [32m INFO[0m Compiled [204/607]: fnv
[2m   1.276s[0m [32m INFO[0m Compiled [205/607]: writeable
[2m   1.276s[0m [32m INFO[0m Compiled [206/607]: httpdate
[2m   1.276s[0m [32m INFO[0m Compiled [207/607]: smallvec
[2m   1.276s[0m [32m INFO[0m Compiled [208/607]: ident_case
[2m   1.276s[0m [32m INFO[0m Compiled [209/607]: litemap
[2m   1.276s[0m [32m INFO[0m Compiled [210/607]: wasm_bindgen_shared
[2m   1.276s[0m [32m INFO[0m Compiled [211/607]: rand
[2m   1.276s[0m [32m INFO[0m Compiled [212/607]: icu_locale_core
[2m   1.276s[0m [32m INFO[0m Compiled [213/607]: darling_core
[2m   1.276s[0m [32m INFO[0m Compiled [214/607]: crypto_common
[2m   1.276s[0m [32m INFO[0m Compiled [215/607]: url
[2m   1.276s[0m [32m INFO[0m Compiled [216/607]: warnings
[2m   1.276s[0m [32m INFO[0m Compiled [217/607]: block_buffer
[2m   1.276s[0m [32m INFO[0m Compiled [218/607]: http_body_util
[2m   1.276s[0m [32m INFO[0m Compiled [219/607]: potential_utf
[2m   1.276s[0m [32m INFO[0m Compiled [221/607]: zerotrie
[2m   1.276s[0m [32m INFO[0m Compiled [222/607]: build-script-build
[2m   1.276s[0m [32m INFO[0m Compiled [223/607]: futures_core
[2m   1.276s[0m [32m INFO[0m Compiled [224/607]: powerfmt
[2m   1.276s[0m [32m INFO[0m Compiled [225/607]: hashbrown
[2m   1.276s[0m [32m INFO[0m Compiled [226/607]: bumpalo
[2m   1.276s[0m [32m INFO[0m Compiled [227/607]: atomic_waker
[2m   1.276s[0m [32m INFO[0m Compiled [228/607]: utf8
[2m   1.276s[0m [32m INFO[0m Compiled [229/607]: pkg_config
[2m   1.276s[0m [32m INFO[0m Compiled [230/607]: pin_project_lite
[2m   1.277s[0m [32m INFO[0m Compiled [231/607]: build-script-build
[2m   1.277s[0m [32m INFO[0m Compiled [232/607]: build-script-build
[2m   1.277s[0m [32m INFO[0m Compiled [233/607]: slab
[2m   1.277s[0m [32m INFO[0m Compiled [234/607]: lazy_js_bundle
[2m   1.277s[0m [32m INFO[0m Compiled [235/607]: vcpkg
[2m   1.277s[0m [32m INFO[0m Compiled [236/607]: data_encoding
[2m   1.277s[0m [32m INFO[0m Compiled [237/607]: indexmap
[2m   1.277s[0m [32m INFO[0m Compiled [239/607]: wasm_bindgen_macro_support
[2m   1.277s[0m [32m INFO[0m Compiled [241/607]: deranged
[2m   1.277s[0m [32m INFO[0m Compiled [243/607]: icu_provider
[2m   1.277s[0m [32m INFO[0m Compiled [244/607]: icu_collections
[2m   1.277s[0m [32m INFO[0m Compiled [245/607]: darling_macro
[2m   1.277s[0m [32m INFO[0m Compiled [246/607]: dioxus_signals
[2m   1.277s[0m [32m INFO[0m Compiled [247/607]: digest
[2m   1.278s[0m [32m INFO[0m Compiled [248/607]: build-script-build
[2m   1.278s[0m [32m INFO[0m Compiled [249/607]: cpufeatures
[2m   1.278s[0m [32m INFO[0m Compiled [250/607]: build-script-build
[2m   1.278s[0m [32m INFO[0m Compiled [253/607]: inout
[2m   1.278s[0m [32m INFO[0m Compiled [254/607]: log
[2m   1.278s[0m [32m INFO[0m Compiled [255/607]: build-script-build
[2m   1.278s[0m [32m INFO[0m Compiled [256/607]: try_lock
[2m   1.278s[0m [32m INFO[0m Compiled [257/607]: zeroize
[2m   1.278s[0m [32m INFO[0m Compiled [258/607]: num_conv
[2m   1.278s[0m [32m INFO[0m Compiled [259/607]: scopeguard
[2m   1.278s[0m [32m INFO[0m Compiled [260/607]: unicode_ident
[2m   1.278s[0m [32m INFO[0m Compiled [261/607]: time_core
[2m   1.279s[0m [32m INFO[0m Compiled [262/607]: build-script-build
[2m   1.279s[0m [32m INFO[0m Compiled [263/607]: icu_properties_data
[2m   1.279s[0m [32m INFO[0m Compiled [265/607]: lock_api
[2m   1.279s[0m [32m INFO[0m Compiled [266/607]: wasm_bindgen_shared
[2m   1.279s[0m [32m INFO[0m Compiled [267/607]: want
[2m   1.279s[0m [32m INFO[0m Compiled [268/607]: cipher
[2m   1.279s[0m [32m INFO[0m Compiled [269/607]: time
[2m   1.279s[0m [32m INFO[0m Compiled [270/607]: system_configuration_sys
[2m   1.279s[0m [32m INFO[0m Compiled [271/607]: sha2
[2m   1.279s[0m [32m INFO[0m Compiled [273/607]: icu_normalizer_data
[2m   1.279s[0m [32m INFO[0m Compiled [276/607]: darling
[2m   1.279s[0m [32m INFO[0m Compiled [277/607]: wasm_bindgen_macro
[2m   1.279s[0m [32m INFO[0m Compiled [278/607]: crossbeam_utils
[2m   1.279s[0m [32m INFO[0m Compiled [279/607]: proc_macro2_diagnostics
[2m   1.279s[0m [32m INFO[0m Compiled [280/607]: h2
[2m   1.279s[0m [32m INFO[0m Compiled [281/607]: core_foundation
[2m   1.279s[0m [32m INFO[0m Compiled [282/607]: sha2
[2m   1.279s[0m [32m INFO[0m Compiled [283/607]: universal_hash
[2m   1.279s[0m [32m INFO[0m Compiled [284/607]: spin
[2m   1.279s[0m [32m INFO[0m Compiled [285/607]: dioxus_cli_config
[2m   1.279s[0m [32m INFO[0m Compiled [286/607]: futures_sink
[2m   1.279s[0m [32m INFO[0m Compiled [287/607]: ryu
[2m   1.279s[0m [32m INFO[0m Compiled [288/607]: opaque_debug
[2m   1.279s[0m [32m INFO[0m Compiled [289/607]: icu_normalizer
[2m   1.279s[0m [32m INFO[0m Compiled [290/607]: hyper
[2m   1.279s[0m [32m INFO[0m Compiled [291/607]: wasm_bindgen
[2m   1.279s[0m [32m INFO[0m Compiled [292/607]: polyval
[2m   1.279s[0m [32m INFO[0m Compiled [293/607]: serde_urlencoded
[2m   1.279s[0m [32m INFO[0m Compiled [294/607]: enumset_derive
[2m   1.280s[0m [32m INFO[0m Compiled [295/607]: dioxus_rsx
[2m   1.280s[0m [32m INFO[0m Compiled [296/607]: crossbeam_utils
[2m   1.280s[0m [32m INFO[0m Compiled [297/607]: system_configuration
[2m   1.280s[0m [32m INFO[0m Compiled [298/607]: icu_properties
[2m   1.280s[0m [32m INFO[0m Compiled [299/607]: anyhow
[2m   1.280s[0m [32m INFO[0m Compiled [300/607]: rustls_pki_types
[2m   1.280s[0m [32m INFO[0m Compiled [301/607]: axum_core
[2m   1.280s[0m [32m INFO[0m Compiled [302/607]: itertools
[2m   1.280s[0m [32m INFO[0m Compiled [303/607]: aho_corasick
[2m   1.280s[0m [32m INFO[0m Compiled [304/607]: async_trait
[2m   1.280s[0m [32m INFO[0m Compiled [306/607]: aho_corasick
[2m   1.280s[0m [32m INFO[0m Compiled [307/607]: encoding_rs
[2m   1.280s[0m [32m INFO[0m Compiled [308/607]: build-script-build
[2m   1.280s[0m [32m INFO[0m Compiled [309/607]: regex_syntax
[2m   1.280s[0m [32m INFO[0m Compiled [310/607]: regex_syntax
[2m   1.280s[0m [32m INFO[0m Compiled [311/607]: itoa
[2m   1.280s[0m [32m INFO[0m Compiled [312/607]: ipnet
[2m   1.280s[0m [32m INFO[0m Compiled [313/607]: unicase
[2m   1.280s[0m [32m INFO[0m Compiled [314/607]: percent_encoding
[2m   1.280s[0m [32m INFO[0m Compiled [315/607]: untrusted
[2m   1.280s[0m [32m INFO[0m Compiled [316/607]: prost_derive
[2m   1.281s[0m [32m INFO[0m Compiled [318/607]: parking_lot_core
[2m   1.281s[0m [32m INFO[0m Compiled [319/607]: regex_automata
[2m   1.281s[0m [32m INFO[0m Compiled [320/607]: regex_automata
[2m   1.281s[0m [32m INFO[0m Compiled [321/607]: enumset
[2m   1.281s[0m [32m INFO[0m Compiled [322/607]: form_urlencoded
[2m   1.281s[0m [32m INFO[0m Compiled [323/607]: hyper_util
[2m   1.281s[0m [32m INFO[0m Compiled [324/607]: ring
[2m   1.281s[0m [32m INFO[0m Compiled [325/607]: build-script-build
[2m   1.281s[0m [32m INFO[0m Compiled [326/607]: idna_adapter
[2m   1.281s[0m [32m INFO[0m Compiled [327/607]: ghash
[2m   1.281s[0m [32m INFO[0m Compiled [328/607]: dioxus_core_macro
[2m   1.281s[0m [32m INFO[0m Compiled [329/607]: js_sys
[2m   1.281s[0m [32m INFO[0m Compiled [330/607]: aes
[2m   1.281s[0m [32m INFO[0m Compiled [331/607]: ctr
[2m   1.281s[0m [32m INFO[0m Compiled [332/607]: dioxus_hooks
[2m   1.282s[0m [32m INFO[0m Compiled [333/607]: build-script-build
[2m   1.282s[0m [32m INFO[0m Compiled [334/607]: tower
[2m   1.282s[0m [32m INFO[0m Compiled [335/607]: euclid
[2m   1.282s[0m [32m INFO[0m Compiled [336/607]: dioxus_html_internal_macro
[2m   1.282s[0m [32m INFO[0m Compiled [337/607]: keyboard_types
[2m   1.282s[0m [32m INFO[0m Compiled [338/607]: rand_chacha
[2m   1.282s[0m [32m INFO[0m Compiled [339/607]: object
[2m   1.282s[0m [32m INFO[0m Compiled [340/607]: hmac
[2m   1.282s[0m [32m INFO[0m Compiled [341/607]: socket2
[2m   1.282s[0m [32m INFO[0m Compiled [342/607]: mio
[2m   1.282s[0m [32m INFO[0m Compiled [343/607]: half
[2m   1.282s[0m [32m INFO[0m Compiled [345/607]: aead
[2m   1.282s[0m [32m INFO[0m Compiled [346/607]: const_serialize_macro
[2m   1.282s[0m [32m INFO[0m Compiled [347/607]: build-script-build
[2m   1.283s[0m [32m INFO[0m Compiled [348/607]: build-script-build
[2m   1.283s[0m [32m INFO[0m Compiled [349/607]: allocator_api2
[2m   1.283s[0m [32m INFO[0m Compiled [350/607]: build-script-build
[2m   1.283s[0m [32m INFO[0m Compiled [351/607]: build-script-build
[2m   1.283s[0m [32m INFO[0m Compiled [352/607]: build-script-build
[2m   1.283s[0m [32m INFO[0m Compiled [353/607]: pin_utils
[2m   1.283s[0m [32m INFO[0m Compiled [354/607]: ciborium_io
[2m   1.284s[0m [32m INFO[0m Compiled [355/607]: utf8_iter
[2m   1.284s[0m [32m INFO[0m Compiled [356/607]: powerfmt
[2m   1.284s[0m [32m INFO[0m Compiled [357/607]: futures_io
[2m   1.284s[0m [32m INFO[0m Compiled [358/607]: foldhash
[2m   1.284s[0m [32m INFO[0m Compiled [359/607]: heck
[2m   1.284s[0m [32m INFO[0m Compiled [360/607]: futures_task
[2m   1.284s[0m [32m INFO[0m Compiled [362/607]: futures_util
[2m   1.284s[0m [32m INFO[0m Compiled [364/607]: idna
[2m   1.284s[0m [32m INFO[0m Compiled [365/607]: hashbrown
[2m   1.284s[0m [32m INFO[0m Compiled [366/607]: ciborium_ll
[2m   1.284s[0m [32m INFO[0m Compiled [367/607]: deranged
[2m   1.284s[0m [32m INFO[0m Compiled [369/607]: aes_gcm
[2m   1.284s[0m [32m INFO[0m Compiled [371/607]: tokio
[2m   1.284s[0m [32m INFO[0m Compiled [372/607]: zmij
[2m   1.284s[0m [32m INFO[0m Compiled [374/607]: dioxus_html
[2m   1.284s[0m [32m INFO[0m Compiled [375/607]: ar_archive_writer
[2m   1.284s[0m [32m INFO[0m Compiled [377/607]: hkdf
[2m   1.284s[0m [32m INFO[0m Compiled [378/607]: rand
[2m   1.284s[0m [32m INFO[0m Compiled [379/607]: webpki
[2m   1.284s[0m [32m INFO[0m Compiled [381/607]: regex
[2m   1.284s[0m [32m INFO[0m Compiled [382/607]: ahash
[2m   1.284s[0m [32m INFO[0m Compiled [383/607]: parking_lot
[2m   1.284s[0m [32m INFO[0m Compiled [384/607]: concurrent_queue
[2m   1.284s[0m [32m INFO[0m Compiled [385/607]: tungstenite
[2m   1.285s[0m [32m INFO[0m Compiled [386/607]: build-script-build
[2m   1.285s[0m [32m INFO[0m Compiled [387/607]: tungstenite
[2m   1.285s[0m [32m INFO[0m Compiled [388/607]: tracing_core
[2m   1.285s[0m [32m INFO[0m Compiled [391/607]: errno
[2m   1.285s[0m [32m INFO[0m Compiled [392/607]: futures_executor
[2m   1.285s[0m [32m INFO[0m Compiled [394/607]: crc_catalog
[2m   1.285s[0m [32m INFO[0m Compiled [395/607]: unicase
[2m   1.285s[0m [32m INFO[0m Compiled [396/607]: build-script-build
[2m   1.285s[0m [32m INFO[0m Compiled [397/607]: bitflags
[2m   1.285s[0m [32m INFO[0m Compiled [398/607]: build-script-build
[2m   1.285s[0m [32m INFO[0m Compiled [399/607]: parking
[2m   1.285s[0m [32m INFO[0m Compiled [400/607]: lazy_static
[2m   1.285s[0m [32m INFO[0m Compiled [401/607]: futures_intrusive
[2m   1.285s[0m [32m INFO[0m Compiled [402/607]: rustix
[2m   1.285s[0m [32m INFO[0m Compiled [403/607]: thiserror
[2m   1.285s[0m [32m INFO[0m Compiled [404/607]: mime_guess
[2m   1.286s[0m [32m INFO[0m Compiled [405/607]: crc
[2m   1.286s[0m [32m INFO[0m Compiled [407/607]: event_listener
[2m   1.286s[0m [32m INFO[0m Compiled [410/607]: num_traits
[2m   1.286s[0m [32m INFO[0m Compiled [411/607]: serde_json
[2m   1.286s[0m [32m INFO[0m Compiled [412/607]: tracing
[2m   1.286s[0m [32m INFO[0m Compiled [413/607]: tokio_tungstenite
[2m   1.286s[0m [32m INFO[0m Compiled [414/607]: hashbrown
[2m   1.286s[0m [32m INFO[0m Compiled [415/607]: cookie
[2m   1.286s[0m [32m INFO[0m Compiled [416/607]: dioxus_document
[2m   1.286s[0m [32m INFO[0m Compiled [417/607]: build-script-build
[2m   1.286s[0m [32m INFO[0m Compiled [418/607]: getrandom
[2m   1.286s[0m [32m INFO[0m Compiled [419/607]: rustls
[2m   1.286s[0m [32m INFO[0m Compiled [420/607]: ciborium
[2m   1.286s[0m [32m INFO[0m Compiled [421/607]: url
[2m   1.287s[0m [32m INFO[0m Compiled [422/607]: tokio_stream
[2m   1.287s[0m [32m INFO[0m Compiled [423/607]: time
[2m   1.287s[0m [32m INFO[0m Compiled [424/607]: multer
[2m   1.287s[0m [32m INFO[0m Compiled [425/607]: hashlink
[2m   1.287s[0m [32m INFO[0m Compiled [426/607]: web_sys
[2m   1.287s[0m [32m INFO[0m Compiled [427/607]: prost
[2m   1.287s[0m [32m INFO[0m Compiled [428/607]: crossbeam_queue
[2m   1.287s[0m [32m INFO[0m Compiled [429/607]: spin
[2m   1.287s[0m [32m INFO[0m Compiled [430/607]: dioxus_history
[2m   1.287s[0m [32m INFO[0m Compiled [431/607]: tokio_stream
[2m   1.287s[0m [32m INFO[0m Compiled [432/607]: axum_macros
[2m   1.287s[0m [32m INFO[0m Compiled [433/607]: serde_path_to_error
[2m   1.288s[0m [32m INFO[0m Compiled [434/607]: build-script-build
[2m   1.288s[0m [32m INFO[0m Compiled [435/607]: matchit
[2m   1.288s[0m [32m INFO[0m Compiled [436/607]: ryu
[2m   1.288s[0m [32m INFO[0m Compiled [437/607]: fastrand
[2m   1.288s[0m [32m INFO[0m Compiled [438/607]: iri_string
[2m   1.288s[0m [32m INFO[0m Compiled [439/607]: psl_types
[2m   1.288s[0m [32m INFO[0m Compiled [440/607]: build-script-build
[2m   1.288s[0m [32m INFO[0m Compiled [441/607]: base64
[2m   1.288s[0m [32m INFO[0m Compiled [442/607]: byteorder
[2m   1.288s[0m [32m INFO[0m Compiled [443/607]: litrs
[2m   1.288s[0m [32m INFO[0m Compiled [444/607]: foldhash
[2m   1.288s[0m [32m INFO[0m Compiled [445/607]: uuid
[2m   1.288s[0m [32m INFO[0m Compiled [446/607]: fixedbitset
[2m   1.288s[0m [32m INFO[0m Compiled [447/607]: inventory
[2m   1.288s[0m [32m INFO[0m Compiled [448/607]: http_range_header
[2m   1.288s[0m [32m INFO[0m Compiled [449/607]: axum
[2m   1.288s[0m [32m INFO[0m Compiled [451/607]: serde_urlencoded
[2m   1.288s[0m [32m INFO[0m Compiled [452/607]: document_features
[2m   1.288s[0m [32m INFO[0m Compiled [453/607]: cfb
[2m   1.288s[0m [32m INFO[0m Compiled [454/607]: tower_http
[2m   1.288s[0m [32m INFO[0m Compiled [455/607]: dioxus_fullstack_core
[2m   1.288s[0m [32m INFO[0m Compiled [456/607]: petgraph
[2m   1.288s[0m [32m INFO[0m Compiled [457/607]: hashbrown
[2m   1.289s[0m [32m INFO[0m Compiled [458/607]: tempfile
[2m   1.289s[0m [32m INFO[0m Compiled [459/607]: publicsuffix
[2m   1.289s[0m [32m INFO[0m Compiled [460/607]: sqlx_core
[2m   1.289s[0m [32m INFO[0m Compiled [462/607]: flume
[2m   1.289s[0m [32m INFO[0m Compiled [463/607]: prost_types
[2m   1.289s[0m [32m INFO[0m Compiled [464/607]: tokio_rustls
[2m   1.289s[0m [32m INFO[0m Compiled [466/607]: prettyplease
[2m   1.289s[0m [32m INFO[0m Compiled [467/607]: libsqlite3_sys
[2m   1.289s[0m [32m INFO[0m Compiled [468/607]: atoi
[2m   1.289s[0m [32m INFO[0m Compiled [469/607]: syn
[2m   1.289s[0m [32m INFO[0m Compiled [470/607]: sharded_slab
[2m   1.289s[0m [32m INFO[0m Compiled [471/607]: futures_executor
[2m   1.289s[0m [32m INFO[0m Compiled [472/607]: const_serialize
[2m   1.289s[0m [32m INFO[0m Compiled [473/607]: wasm_bindgen_futures
[2m   1.289s[0m [32m INFO[0m Compiled [474/607]: matchers
[2m   1.289s[0m [32m INFO[0m Compiled [475/607]: webpki_roots
[2m   1.289s[0m [32m INFO[0m Compiled [476/607]: futures_channel
[2m   1.289s[0m [32m INFO[0m Compiled [477/607]: concurrent_queue
[2m   1.289s[0m [32m INFO[0m Compiled [478/607]: build-script-build
[2m   1.290s[0m [32m INFO[0m Compiled [479/607]: build-script-build
[2m   1.290s[0m [32m INFO[0m Compiled [480/607]: convert_case
[2m   1.290s[0m [32m INFO[0m Compiled [481/607]: build-script-build
[2m   1.290s[0m [32m INFO[0m Compiled [482/607]: headers_core
[2m   1.290s[0m [32m INFO[0m Compiled [483/607]: tracing_log
[2m   1.290s[0m [32m INFO[0m Compiled [484/607]: thiserror_impl
[2m   1.290s[0m [32m INFO[0m Compiled [485/607]: build-script-build
[2m   1.290s[0m [32m INFO[0m Compiled [486/607]: thread_local
[2m   1.291s[0m [32m INFO[0m Compiled [487/607]: nu_ansi_term
[2m   1.291s[0m [32m INFO[0m Compiled [488/607]: tinyvec_macros
[2m   1.291s[0m [32m INFO[0m Compiled [489/607]: parking
[2m   1.291s[0m [32m INFO[0m Compiled [490/607]: base16
[2m   1.291s[0m [32m INFO[0m Compiled [491/607]: crc_catalog
[2m   1.291s[0m [32m INFO[0m Compiled [492/607]: multimap
[2m   1.291s[0m [32m INFO[0m Compiled [493/607]: tinyvec
[2m   1.291s[0m [32m INFO[0m Compiled [494/607]: event_listener
[2m   1.291s[0m [32m INFO[0m Compiled [495/607]: tracing_subscriber
[2m   1.291s[0m [32m INFO[0m Compiled [497/607]: crc
[2m   1.291s[0m [32m INFO[0m Compiled [498/607]: dioxus_router_macro
[2m   1.291s[0m [32m INFO[0m Compiled [499/607]: thiserror
[2m   1.291s[0m [32m INFO[0m Compiled [500/607]: headers
[2m   1.291s[0m [32m INFO[0m Compiled [501/607]: sqlx_sqlite
[2m   1.291s[0m [32m INFO[0m Compiled [502/607]: prost_build
[2m   1.291s[0m [32m INFO[0m Compiled [503/607]: derive_more_impl
[2m   1.291s[0m [32m INFO[0m Compiled [504/607]: hyper_rustls
[2m   1.291s[0m [32m INFO[0m Compiled [508/607]: manganis_core
[2m   1.291s[0m [32m INFO[0m Compiled [509/607]: psm
[2m   1.291s[0m [32m INFO[0m Compiled [510/607]: hashlink
[2m   1.291s[0m [32m INFO[0m Compiled [511/607]: infer
[2m   1.291s[0m [32m INFO[0m Compiled [512/607]: cookie_store
[2m   1.291s[0m [32m INFO[0m Compiled [513/607]: proc_macro_error_attr
[2m   1.291s[0m [32m INFO[0m Compiled [514/607]: gloo_utils
[2m   1.291s[0m [32m INFO[0m Compiled [515/607]: futures
[2m   1.291s[0m [32m INFO[0m Compiled [516/607]: tokio_tungstenite
[2m   1.291s[0m [32m INFO[0m Compiled [517/607]: const_serialize
[2m   1.291s[0m [32m INFO[0m Compiled [518/607]: charset
[2m   1.291s[0m [32m INFO[0m Compiled [519/607]: crossbeam_queue
[2m   1.291s[0m [32m INFO[0m Compiled [520/607]: dioxus_devtools_types
[2m   1.291s[0m [32m INFO[0m Compiled [521/607]: iana_time_zone
[2m   1.292s[0m [32m INFO[0m Compiled [522/607]: const_format
[2m   1.292s[0m [32m INFO[0m Compiled [523/607]: serde_qs
[2m   1.292s[0m [32m INFO[0m Compiled [524/607]: either
[2m   1.292s[0m [32m INFO[0m Compiled [525/607]: futures_intrusive
[2m   1.292s[0m [32m INFO[0m Compiled [526/607]: macro_string
[2m   1.292s[0m [32m INFO[0m Compiled [527/607]: async_stream_impl
[2m   1.292s[0m [32m INFO[0m Compiled [528/607]: hex
[2m   1.292s[0m [32m INFO[0m Compiled [529/607]: dunce
[2m   1.292s[0m [32m INFO[0m Compiled [530/607]: same_file
[2m   1.292s[0m [32m INFO[0m Compiled [531/607]: askama_escape
[2m   1.292s[0m [32m INFO[0m Compiled [532/607]: xxhash_rust
[2m   1.292s[0m [32m INFO[0m Compiled [533/607]: dotenvy
[2m   1.292s[0m [32m INFO[0m Compiled [534/607]: manganis_macro
[2m   1.292s[0m [32m INFO[0m Compiled [535/607]: walkdir
[2m   1.292s[0m [32m INFO[0m Compiled [536/607]: sqlx_core
[2m   1.292s[0m [32m INFO[0m Compiled [537/607]: async_stream
[2m   1.292s[0m [32m INFO[0m Compiled [538/607]: dioxus_ssr
[2m   1.292s[0m [32m INFO[0m Compiled [539/607]: proc_macro_error
[2m   1.292s[0m [32m INFO[0m Compiled [540/607]: dioxus_devtools
[2m   1.292s[0m [32m INFO[0m Compiled [541/607]: chrono
[2m   1.292s[0m [32m INFO[0m Compiled [542/607]: dioxus_fullstack_macro
[2m   1.292s[0m [32m INFO[0m Compiled [543/607]: sqlx_macros_core
[2m   1.292s[0m [32m INFO[0m Compiled [544/607]: reqwest
[2m   1.292s[0m [32m INFO[0m Compiled [545/607]: gloo_net
[2m   1.292s[0m [32m INFO[0m Compiled [546/607]: manganis_core
[2m   1.292s[0m [32m INFO[0m Compiled [547/607]: content_disposition
[2m   1.292s[0m [32m INFO[0m Compiled [548/607]: stacker
[2m   1.293s[0m [32m INFO[0m Compiled [549/607]: build-script-build
[2m   1.293s[0m [32m INFO[0m Compiled [550/607]: dioxus_asset_resolver
[2m   1.293s[0m [32m INFO[0m Compiled [551/607]: libsqlite3_sys
[2m   1.293s[0m [32m INFO[0m Compiled [552/607]: derive_more
[2m   1.293s[0m [32m INFO[0m Compiled [553/607]: dioxus_interpreter_js
[2m   1.293s[0m [32m INFO[0m Compiled [554/607]: unicode_normalization
[2m   1.293s[0m [32m INFO[0m Compiled [555/607]: axum_extra
[2m   1.293s[0m [32m INFO[0m Compiled [556/607]: dioxus_logger
[2m   1.293s[0m [32m INFO[0m Compiled [557/607]: dioxus_router
[2m   1.293s[0m [32m INFO[0m Compiled [558/607]: wasm_streams
[2m   1.293s[0m [32m INFO[0m Compiled [559/607]: validator_types
[2m   1.293s[0m [32m INFO[0m Compiled [560/607]: dashmap
[2m   1.293s[0m [32m INFO[0m Compiled [561/607]: async_tungstenite
[2m   1.293s[0m [32m INFO[0m Compiled [562/607]: flume
[2m   1.293s[0m [32m INFO[0m Compiled [563/607]: atoi
[2m   1.293s[0m [32m INFO[0m Compiled [564/607]: dioxus_stores_macro
[2m   1.293s[0m [32m INFO[0m Compiled [565/607]: tracing_futures
[2m   1.293s[0m [32m INFO[0m Compiled [566/607]: lru
[2m   1.293s[0m [32m INFO[0m Compiled [567/607]: core_foundation
[2m   1.293s[0m [32m INFO[0m Compiled [568/607]: security_framework_sys
[2m   1.293s[0m [32m INFO[0m Compiled [569/607]: send_wrapper
[2m   1.293s[0m [32m INFO[0m Compiled [570/607]: if_chain
[2m   1.293s[0m [32m INFO[0m Compiled [571/607]: unicode_bidi
[2m   1.293s[0m [32m INFO[0m Compiled [572/607]: lazy_static
[2m   1.293s[0m [32m INFO[0m Compiled [573/607]: xxhash_rust
[2m   1.293s[0m [32m INFO[0m Compiled [574/607]: base64ct
[2m   1.293s[0m [32m INFO[0m Compiled [575/607]: const_str
[2m   1.293s[0m [32m INFO[0m Compiled [576/607]: sqlx_sqlite
[2m   1.293s[0m [32m INFO[0m Compiled [577/607]: dioxus_stores
[2m   1.293s[0m [32m INFO[0m Compiled [578/607]: idna
[2m   1.293s[0m [32m INFO[0m Compiled [579/607]: security_framework
[2m   1.294s[0m [32m INFO[0m Compiled [580/607]: dioxus_server
[2m   1.294s[0m [32m INFO[0m Compiled [581/607]: sqlx_macros
[2m   1.294s[0m [32m INFO[0m Compiled [582/607]: validator_derive
[2m   1.294s[0m [32m INFO[0m Compiled [583/607]: password_hash
[2m   1.294s[0m [32m INFO[0m Compiled [584/607]: dioxus_fullstack
[2m   1.294s[0m [32m INFO[0m Compiled [585/607]: chumsky
[2m   1.294s[0m [32m INFO[0m Compiled [586/607]: manganis
[2m   1.294s[0m [32m INFO[0m Compiled [588/607]: regex
[2m   1.294s[0m [32m INFO[0m Compiled [589/607]: prost
[2m   1.294s[0m [32m INFO[0m Compiled [590/607]: email_encoding
[2m   1.294s[0m [32m INFO[0m Compiled [591/607]: blake2
[2m   1.294s[0m [32m INFO[0m Compiled [592/607]: dioxus_config_macro
[2m   1.294s[0m [32m INFO[0m Compiled [593/607]: nom
[2m   1.294s[0m [32m INFO[0m Compiled [594/607]: fastrand
[2m   1.294s[0m [32m INFO[0m Compiled [595/607]: quoted_printable
[2m   1.294s[0m [32m INFO[0m Compiled [596/607]: dioxus_config_macros
[2m   1.294s[0m [32m INFO[0m Compiled [597/607]: email_address
[2m   1.294s[0m [32m INFO[0m Compiled [598/607]: validator
[2m   1.294s[0m [32m INFO[0m Compiled [599/607]: argon2
[2m   1.294s[0m [32m INFO[0m Compiled [600/607]: field_validator
[2m   1.294s[0m [32m INFO[0m Compiled [601/607]: sqlx
[2m   1.294s[0m [32m INFO[0m Compiled [602/607]: lettre
[2m   1.294s[0m [32m INFO[0m Compiled [603/607]: dioxus
[2m   1.294s[0m [32m INFO[0m Compiled [604/607]: keyring
[2m   1.294s[0m [32m INFO[0m Compiled [605/607]: tower_cookies
[2m   1.294s[0m [32m INFO[0m Compiled [606/607]: hex
[2m   1.295s[0m [32m INFO[0m  [1m[33mwarning[0m[1m: variable does not need to be mutable[0m
 [1m[94m--> [0msrc/pages/login.rs:9:9
  [1m[94m|[0m
[1m[94m9[0m [1m[94m|[0m     let mut username = use_signal(|| String::new());
  [1m[94m|[0m         [1m[94m----[0m[1m[33m^^^^^^^^[0m
  [1m[94m|[0m         [1m[94m|[0m
  [1m[94m|[0m         [1m[94mhelp: remove this `mut`[0m
  [1m[94m|[0m
  [1m[94m= [0m[1mnote[0m: `#[warn(unused_mut)]` (part of `#[warn(unused)]`) on by default


[2m   1.295s[0m [32m INFO[0m  [1m[33mwarning[0m[1m: variable does not need to be mutable[0m
  [1m[94m--> [0msrc/pages/login.rs:10:9
   [1m[94m|[0m
[1m[94m10[0m [1m[94m|[0m     let mut password = use_signal(|| String::new());
   [1m[94m|[0m         [1m[94m----[0m[1m[33m^^^^^^^^[0m
   [1m[94m|[0m         [1m[94m|[0m
   [1m[94m|[0m         [1m[94mhelp: remove this `mut`[0m


[2m   1.295s[0m [32m INFO[0m  [1m[33mwarning[0m[1m: variable does not need to be mutable[0m
 [1m[94m--> [0msrc/pages/register.rs:9:9
  [1m[94m|[0m
[1m[94m9[0m [1m[94m|[0m     let mut username = use_signal(|| String::new());
  [1m[94m|[0m         [1m[94m----[0m[1m[33m^^^^^^^^[0m
  [1m[94m|[0m         [1m[94m|[0m
  [1m[94m|[0m         [1m[94mhelp: remove this `mut`[0m


[2m   1.295s[0m [32m INFO[0m  [1m[33mwarning[0m[1m: variable does not need to be mutable[0m
  [1m[94m--> [0msrc/pages/register.rs:10:9
   [1m[94m|[0m
[1m[94m10[0m [1m[94m|[0m     let mut email = use_signal(|| String::new());
   [1m[94m|[0m         [1m[94m----[0m[1m[33m^^^^^[0m
   [1m[94m|[0m         [1m[94m|[0m
   [1m[94m|[0m         [1m[94mhelp: remove this `mut`[0m


[2m   1.295s[0m [32m INFO[0m  [1m[33mwarning[0m[1m: variable does not need to be mutable[0m
  [1m[94m--> [0msrc/pages/register.rs:11:9
   [1m[94m|[0m
[1m[94m11[0m [1m[94m|[0m     let mut password = use_signal(|| String::new());
   [1m[94m|[0m         [1m[94m----[0m[1m[33m^^^^^^^^[0m
   [1m[94m|[0m         [1m[94m|[0m
   [1m[94m|[0m         [1m[94mhelp: remove this `mut`[0m


[2m   1.295s[0m [32m INFO[0m  [1m[33mwarning[0m[1m: variable does not need to be mutable[0m
  [1m[94m--> [0msrc/pages/register.rs:12:9
   [1m[94m|[0m
[1m[94m12[0m [1m[94m|[0m     let mut confirm_password = use_signal(|| String::new());
   [1m[94m|[0m         [1m[94m----[0m[1m[33m^^^^^^^^^^^^^^^^[0m
   [1m[94m|[0m         [1m[94m|[0m
   [1m[94m|[0m         [1m[94mhelp: remove this `mut`[0m


[2m   1.295s[0m [32m INFO[0m  [1m[33mwarning[0m[1m: variable does not need to be mutable[0m
  [1m[94m--> [0msrc/pages/forgot_password.rs:10:9
   [1m[94m|[0m
[1m[94m10[0m [1m[94m|[0m     let mut identifier = use_signal(|| String::new());
   [1m[94m|[0m         [1m[94m----[0m[1m[33m^^^^^^^^^^[0m
   [1m[94m|[0m         [1m[94m|[0m
   [1m[94m|[0m         [1m[94mhelp: remove this `mut`[0m


[2m   1.295s[0m [32m INFO[0m  [1m[33mwarning[0m[1m: variable does not need to be mutable[0m
  [1m[94m--> [0msrc/pages/reset_password.rs:10:9
   [1m[94m|[0m
[1m[94m10[0m [1m[94m|[0m     let mut password = use_signal(|| String::new());
   [1m[94m|[0m         [1m[94m----[0m[1m[33m^^^^^^^^[0m
   [1m[94m|[0m         [1m[94m|[0m
   [1m[94m|[0m         [1m[94mhelp: remove this `mut`[0m


[2m   1.295s[0m [32m INFO[0m  [1m[33mwarning[0m[1m: variable does not need to be mutable[0m
  [1m[94m--> [0msrc/pages/reset_password.rs:11:9
   [1m[94m|[0m
[1m[94m11[0m [1m[94m|[0m     let mut confirm_password = use_signal(|| String::new());
   [1m[94m|[0m         [1m[94m----[0m[1m[33m^^^^^^^^^^^^^^^^[0m
   [1m[94m|[0m         [1m[94m|[0m
   [1m[94m|[0m         [1m[94mhelp: remove this `mut`[0m


[2m   1.295s[0m [32m INFO[0m  [1m[33mwarning[0m[1m: function `get_cookies` is never used[0m
  [1m[94m--> [0msrc/api.rs:64:4
   [1m[94m|[0m
[1m[94m64[0m [1m[94m|[0m fn get_cookies() -> Result<Cookies, ServerFnError> {
   [1m[94m|[0m    [1m[33m^^^^^^^^^^^[0m
   [1m[94m|[0m
   [1m[94m= [0m[1mnote[0m: `#[warn(dead_code)]` (part of `#[warn(unused)]`) on by default


[2m   1.295s[0m [32m INFO[0m  [1m[33mwarning[0m[1m: methods `delete` and `cleanup_expired_sessions` are never used[0m
   [1m[94m--> [0msrc/db.rs:138:18
    [1m[94m|[0m
[1m[94m102[0m [1m[94m|[0m impl UserSessionsTable {
    [1m[94m|[0m [1m[94m----------------------[0m [1m[94mmethods in this implementation[0m
[1m[94m...[0m
[1m[94m138[0m [1m[94m|[0m     pub async fn delete(&self, user_id: i64, session_hash: &str) -> Result<()> {
    [1m[94m|[0m                  [1m[33m^^^^^^[0m
[1m[94m...[0m
[1m[94m171[0m [1m[94m|[0m     pub async fn cleanup_expired_sessions(&self) -> Result<()> {
    [1m[94m|[0m                  [1m[33m^^^^^^^^^^^^^^^^^^^^^^^^[0m


[2m   1.295s[0m [32m INFO[0m  [1m[33mwarning[0m[1m: fields `token_hash` and `created_at` are never read[0m
   [1m[94m--> [0msrc/db.rs:286:9
    [1m[94m|[0m
[1m[94m284[0m [1m[94m|[0m pub struct PasswordResetToken {
    [1m[94m|[0m            [1m[94m------------------[0m [1m[94mfields in this struct[0m
[1m[94m285[0m [1m[94m|[0m     pub user_id: i64,
[1m[94m286[0m [1m[94m|[0m     pub token_hash: String,
    [1m[94m|[0m         [1m[33m^^^^^^^^^^[0m
[1m[94m287[0m [1m[94m|[0m     pub expires_at: OffsetDateTime,
[1m[94m288[0m [1m[94m|[0m     pub created_at: OffsetDateTime,
    [1m[94m|[0m         [1m[33m^^^^^^^^^^[0m
    [1m[94m|[0m
    [1m[94m= [0m[1mnote[0m: `PasswordResetToken` has derived impls for the traits `Debug` and `Clone`, but these are intentionally ignored during dead code analysis


[2m   1.295s[0m [32m INFO[0m  [1m[33mwarning[0m[1m: method `cleanup_expired_tokens` is never used[0m
   [1m[94m--> [0msrc/db.rs:367:18
    [1m[94m|[0m
[1m[94m296[0m [1m[94m|[0m impl PasswordResetTokensTable {
    [1m[94m|[0m [1m[94m-----------------------------[0m [1m[94mmethod in this implementation[0m
[1m[94m...[0m
[1m[94m367[0m [1m[94m|[0m     pub async fn cleanup_expired_tokens(&self) -> Result<()> {
    [1m[94m|[0m                  [1m[33m^^^^^^^^^^^^^^^^^^^^^^[0m


[2m   1.295s[0m [32m INFO[0m  [1m[33mwarning[0m[1m: method `delete` is never used[0m
   [1m[94m--> [0msrc/db.rs:599:18
    [1m[94m|[0m
[1m[94m396[0m [1m[94m|[0m impl UserLoginTable {
    [1m[94m|[0m [1m[94m-------------------[0m [1m[94mmethod in this implementation[0m
[1m[94m...[0m
[1m[94m599[0m [1m[94m|[0m     pub async fn delete(&self, username: &str) -> Result<()> {
    [1m[94m|[0m                  [1m[33m^^^^^^[0m


[2m   1.295s[0m [32m INFO[0m  [1m[33mwarning[0m[1m: associated function `open` is never used[0m
   [1m[94m--> [0msrc/db.rs:677:18
    [1m[94m|[0m
[1m[94m669[0m [1m[94m|[0m impl DBHandle {
    [1m[94m|[0m [1m[94m-------------[0m [1m[94massociated function in this implementation[0m
[1m[94m...[0m
[1m[94m677[0m [1m[94m|[0m     pub async fn open(database_path: &str) -> Result<Arc<Self>> {
    [1m[94m|[0m                  [1m[33m^^^^[0m


[2m   1.296s[0m [32m INFO[0m Compiled [607/607]: memeshark
[2m   1.447s[0m [32m INFO[0m Bundling app...
[2m   1.459s[0m [32m INFO[0m Server build completed successfully! 🚀 path="/Users/kamo/Studia/MGR/Sem-II/App-Sec/project/dioxus/target/dx/memeshark/debug/web"
[2m   1.529s[0m [32m INFO[0m Compiled [  1/382]: build-script-build
[2m   1.529s[0m [32m INFO[0m Compiled [  2/382]: unicode_ident
[2m   1.530s[0m [32m INFO[0m Compiled [  4/382]: build-script-build
[2m   1.530s[0m [32m INFO[0m Compiled [  5/382]: cfg_if
[2m   1.530s[0m [32m INFO[0m Compiled [  6/382]: version_check
[2m   1.530s[0m [32m INFO[0m Compiled [  7/382]: build-script-build
[2m   1.530s[0m [32m INFO[0m Compiled [  8/382]: build-script-build
[2m   1.531s[0m [32m INFO[0m Compiled [  9/382]: build-script-build
[2m   1.531s[0m [32m INFO[0m Compiled [ 10/382]: build-script-build
[2m   1.531s[0m [32m INFO[0m Compiled [ 11/382]: once_cell
[2m   1.531s[0m [32m INFO[0m Compiled [ 12/382]: proc_macro2
[2m   1.531s[0m [32m INFO[0m Compiled [ 19/382]: bumpalo
[2m   1.531s[0m [32m INFO[0m Compiled [ 20/382]: unicode_ident
[2m   1.531s[0m [32m INFO[0m Compiled [ 21/382]: memchr
[2m   1.531s[0m [32m INFO[0m Compiled [ 22/382]: quote
[2m   1.531s[0m [32m INFO[0m Compiled [ 23/382]: serde_core
[2m   1.531s[0m [32m INFO[0m Compiled [ 24/382]: rustversion
[2m   1.531s[0m [32m INFO[0m Compiled [ 25/382]: wasm_bindgen_shared
[2m   1.531s[0m [32m INFO[0m Compiled [ 26/382]: wasm_bindgen_shared
[2m   1.531s[0m [32m INFO[0m Compiled [ 27/382]: pin_project_lite
[2m   1.531s[0m [32m INFO[0m Compiled [ 28/382]: futures_core
[2m   1.531s[0m [32m INFO[0m Compiled [ 29/382]: futures_sink
[2m   1.531s[0m [32m INFO[0m Compiled [ 30/382]: smallvec
[2m   1.531s[0m [32m INFO[0m Compiled [ 31/382]: itoa
[2m   1.531s[0m [32m INFO[0m Compiled [ 32/382]: syn
[2m   1.531s[0m [32m INFO[0m Compiled [ 33/382]: build-script-build
[2m   1.532s[0m [32m INFO[0m Compiled [ 34/382]: futures_channel
[2m   1.532s[0m [32m INFO[0m Compiled [ 35/382]: futures_io
[2m   1.532s[0m [32m INFO[0m Compiled [ 36/382]: slab
[2m   1.532s[0m [32m INFO[0m Compiled [ 37/382]: futures_task
[2m   1.532s[0m [32m INFO[0m Compiled [ 38/382]: pin_utils
[2m   1.532s[0m [32m INFO[0m Compiled [ 39/382]: tracing_core
[2m   1.532s[0m [32m INFO[0m Compiled [ 40/382]: build-script-build
[2m   1.532s[0m [32m INFO[0m Compiled [ 41/382]: unicode_xid
[2m   1.532s[0m [32m INFO[0m Compiled [ 42/382]: serde_derive
[2m   1.532s[0m [32m INFO[0m Compiled [ 43/382]: wasm_bindgen_macro_support
[2m   1.532s[0m [32m INFO[0m Compiled [ 45/382]: futures_macro
[2m   1.532s[0m [32m INFO[0m Compiled [ 46/382]: synstructure
[2m   1.532s[0m [32m INFO[0m Compiled [ 47/382]: tracing_attributes
[2m   1.532s[0m [32m INFO[0m Compiled [ 48/382]: build-script-build
[2m   1.532s[0m [32m INFO[0m Compiled [ 49/382]: thiserror_impl
[2m   1.532s[0m [32m INFO[0m Compiled [ 50/382]: build-script-build
[2m   1.533s[0m [32m INFO[0m Compiled [ 51/382]: build-script-build
[2m   1.533s[0m [32m INFO[0m Compiled [ 52/382]: serde
[2m   1.533s[0m [32m INFO[0m Compiled [ 53/382]: wasm_bindgen_macro
[2m   1.533s[0m [32m INFO[0m Compiled [ 54/382]: futures_util
[2m   1.533s[0m [32m INFO[0m Compiled [ 55/382]: zerofrom_derive
[2m   1.533s[0m [32m INFO[0m Compiled [ 56/382]: tracing
[2m   1.533s[0m [32m INFO[0m Compiled [ 57/382]: yoke_derive
[2m   1.533s[0m [32m INFO[0m Compiled [ 59/382]: build-script-build
[2m   1.533s[0m [32m INFO[0m Compiled [ 60/382]: stable_deref_trait
[2m   1.533s[0m [32m INFO[0m Compiled [ 61/382]: build-script-build
[2m   1.533s[0m [32m INFO[0m Compiled [ 62/382]: wasm_bindgen
[2m   1.533s[0m [32m INFO[0m Compiled [ 63/382]: bytes
[2m   1.533s[0m [32m INFO[0m Compiled [ 64/382]: zerofrom
[2m   1.533s[0m [32m INFO[0m Compiled [ 67/382]: thiserror
[2m   1.534s[0m [32m INFO[0m Compiled [ 69/382]: const_format_proc_macros
[2m   1.534s[0m [32m INFO[0m Compiled [ 70/382]: scopeguard
[2m   1.534s[0m [32m INFO[0m Compiled [ 71/382]: gimli
[2m   1.534s[0m [32m INFO[0m Compiled [ 72/382]: js_sys
[2m   1.534s[0m [32m INFO[0m Compiled [ 73/382]: yoke
[2m   1.534s[0m [32m INFO[0m Compiled [ 74/382]: adler2
[2m   1.534s[0m [32m INFO[0m Compiled [ 75/382]: lock_api
[2m   1.534s[0m [32m INFO[0m Compiled [ 76/382]: libc
[2m   1.534s[0m [32m INFO[0m Compiled [ 77/382]: parking_lot_core
[2m   1.534s[0m [32m INFO[0m Compiled [ 78/382]: addr2line
[2m   1.534s[0m [32m INFO[0m Compiled [ 79/382]: object
[2m   1.534s[0m [32m INFO[0m Compiled [ 80/382]: zerovec_derive
[2m   1.534s[0m [32m INFO[0m Compiled [ 81/382]: build-script-build
[2m   1.534s[0m [32m INFO[0m Compiled [ 82/382]: web_sys
[2m   1.534s[0m [32m INFO[0m Compiled [ 83/382]: wasm_bindgen_futures
[2m   1.535s[0m [32m INFO[0m Compiled [ 84/382]: miniz_oxide
[2m   1.535s[0m [32m INFO[0m Compiled [ 85/382]: build-script-build
[2m   1.535s[0m [32m INFO[0m Compiled [ 86/382]: rustc_demangle
[2m   1.535s[0m [32m INFO[0m Compiled [ 87/382]: dioxus_core_types
[2m   1.535s[0m [32m INFO[0m Compiled [ 88/382]: unicode_segmentation
[2m   1.535s[0m [32m INFO[0m Compiled [ 90/382]: parking_lot
[2m   1.535s[0m [32m INFO[0m Compiled [ 91/382]: zerovec
[2m   1.535s[0m [32m INFO[0m Compiled [ 92/382]: backtrace
[2m   1.535s[0m [32m INFO[0m Compiled [ 94/382]: subsecond_types
[2m   1.535s[0m [32m INFO[0m Compiled [ 95/382]: displaydoc
[2m   1.535s[0m [32m INFO[0m Compiled [ 96/382]: rustc_hash
[2m   1.535s[0m [32m INFO[0m Compiled [ 97/382]: build-script-build
[2m   1.536s[0m [32m INFO[0m Compiled [ 98/382]: build-script-build
[2m   1.536s[0m [32m INFO[0m Compiled [ 99/382]: generational_box
[2m   1.536s[0m [32m INFO[0m Compiled [100/382]: slotmap
[2m   1.536s[0m [32m INFO[0m Compiled [101/382]: const_format
[2m   1.536s[0m [32m INFO[0m Compiled [103/382]: subsecond
[2m   1.536s[0m [32m INFO[0m Compiled [105/382]: anyhow
[2m   1.536s[0m [32m INFO[0m Compiled [106/382]: http
[2m   1.536s[0m [32m INFO[0m Compiled [107/382]: pin_project_internal
[2m   1.536s[0m [32m INFO[0m Compiled [108/382]: longest_increasing_subsequence
[2m   1.536s[0m [32m INFO[0m Compiled [109/382]: build-script-build
[2m   1.536s[0m [32m INFO[0m Compiled [110/382]: tinystr
[2m   1.536s[0m [32m INFO[0m Compiled [111/382]: convert_case
[2m   1.536s[0m [32m INFO[0m Compiled [113/382]: libc
[2m   1.537s[0m [32m INFO[0m Compiled [114/382]: pin_project
[2m   1.537s[0m [32m INFO[0m Compiled [115/382]: zmij
[2m   1.537s[0m [32m INFO[0m Compiled [116/382]: dioxus_core
[2m   1.537s[0m [32m INFO[0m Compiled [117/382]: warnings_macro
[2m   1.537s[0m [32m INFO[0m Compiled [118/382]: writeable
[2m   1.537s[0m [32m INFO[0m Compiled [119/382]: lazy_js_bundle
[2m   1.537s[0m [32m INFO[0m Compiled [120/382]: fnv
[2m   1.537s[0m [32m INFO[0m Compiled [121/382]: ident_case
[2m   1.537s[0m [32m INFO[0m Compiled [122/382]: serde_json
[2m   1.537s[0m [32m INFO[0m Compiled [123/382]: litemap
[2m   1.537s[0m [32m INFO[0m Compiled [124/382]: build-script-build
[2m   1.537s[0m [32m INFO[0m Compiled [125/382]: darling_core
[2m   1.537s[0m [32m INFO[0m Compiled [126/382]: warnings
[2m   1.537s[0m [32m INFO[0m Compiled [127/382]: zerotrie
[2m   1.537s[0m [32m INFO[0m Compiled [128/382]: potential_utf
[2m   1.538s[0m [32m INFO[0m Compiled [129/382]: zerocopy_derive
[2m   1.538s[0m [32m INFO[0m Compiled [130/382]: build-script-build
[2m   1.538s[0m [32m INFO[0m Compiled [131/382]: build-script-build
[2m   1.538s[0m [32m INFO[0m Compiled [133/382]: icu_locale_core
[2m   1.538s[0m [32m INFO[0m Compiled [134/382]: percent_encoding
[2m   1.538s[0m [32m INFO[0m Compiled [135/382]: build-script-build
[2m   1.539s[0m [32m INFO[0m Compiled [136/382]: autocfg
[2m   1.539s[0m [32m INFO[0m Compiled [138/382]: darling_macro
[2m   1.539s[0m [32m INFO[0m Compiled [139/382]: dioxus_signals
[2m   1.539s[0m [32m INFO[0m Compiled [140/382]: icu_collections
[2m   1.539s[0m [32m INFO[0m Compiled [142/382]: build-script-build
[2m   1.539s[0m [32m INFO[0m Compiled [143/382]: icu_provider
[2m   1.539s[0m [32m INFO[0m Compiled [145/382]: zerocopy
[2m   1.539s[0m [32m INFO[0m Compiled [147/382]: mime
[2m   1.539s[0m [32m INFO[0m Compiled [148/382]: cfg_if
[2m   1.539s[0m [32m INFO[0m Compiled [149/382]: build-script-build
[2m   1.539s[0m [32m INFO[0m Compiled [150/382]: icu_normalizer_data
[2m   1.539s[0m [32m INFO[0m Compiled [151/382]: darling
[2m   1.540s[0m [32m INFO[0m Compiled [152/382]: typenum
[2m   1.540s[0m [32m INFO[0m Compiled [153/382]: icu_properties_data
[2m   1.540s[0m [32m INFO[0m Compiled [156/382]: proc_macro2_diagnostics
[2m   1.540s[0m [32m INFO[0m Compiled [157/382]: dioxus_cli_config
[2m   1.540s[0m [32m INFO[0m Compiled [160/382]: memchr
[2m   1.540s[0m [32m INFO[0m Compiled [161/382]: either
[2m   1.540s[0m [32m INFO[0m Compiled [162/382]: typenum
[2m   1.540s[0m [32m INFO[0m Compiled [163/382]: dioxus_rsx
[2m   1.540s[0m [32m INFO[0m Compiled [164/382]: num_traits
[2m   1.540s[0m [32m INFO[0m Compiled [165/382]: itertools
[2m   1.540s[0m [32m INFO[0m Compiled [166/382]: generic_array
[2m   1.540s[0m [32m INFO[0m Compiled [167/382]: icu_properties
[2m   1.540s[0m [32m INFO[0m Compiled [168/382]: anyhow
[2m   1.540s[0m [32m INFO[0m Compiled [169/382]: aho_corasick
[2m   1.540s[0m [32m INFO[0m Compiled [170/382]: enumset_derive
[2m   1.540s[0m [32m INFO[0m Compiled [171/382]: icu_normalizer
[2m   1.540s[0m [32m INFO[0m Compiled [172/382]: form_urlencoded
[2m   1.540s[0m [32m INFO[0m Compiled [174/382]: sync_wrapper
[2m   1.540s[0m [32m INFO[0m Compiled [175/382]: aho_corasick
[2m   1.540s[0m [32m INFO[0m Compiled [176/382]: regex_syntax
[2m   1.540s[0m [32m INFO[0m Compiled [177/382]: base64
[2m   1.540s[0m [32m INFO[0m Compiled [178/382]: regex_syntax
[2m   1.540s[0m [32m INFO[0m Compiled [179/382]: build-script-build
[2m   1.540s[0m [32m INFO[0m Compiled [180/382]: bitflags
[2m   1.540s[0m [32m INFO[0m Compiled [181/382]: idna_adapter
[2m   1.540s[0m [32m INFO[0m Compiled [182/382]: keyboard_types
[2m   1.540s[0m [32m INFO[0m Compiled [183/382]: regex_automata
[2m   1.540s[0m [32m INFO[0m Compiled [184/382]: regex_automata
[2m   1.540s[0m [32m INFO[0m Compiled [186/382]: generic_array
[2m   1.540s[0m [32m INFO[0m Compiled [187/382]: prost_derive
[2m   1.541s[0m [32m INFO[0m Compiled [188/382]: dioxus_core_macro
[2m   1.541s[0m [32m INFO[0m Compiled [189/382]: euclid
[2m   1.541s[0m [32m INFO[0m Compiled [190/382]: enumset
[2m   1.541s[0m [32m INFO[0m Compiled [191/382]: dioxus_hooks
[2m   1.541s[0m [32m INFO[0m Compiled [192/382]: http_body
[2m   1.541s[0m [32m INFO[0m Compiled [193/382]: dioxus_html_internal_macro
[2m   1.541s[0m [32m INFO[0m Compiled [194/382]: const_serialize_macro
[2m   1.541s[0m [32m INFO[0m Compiled [195/382]: async_trait
[2m   1.541s[0m [32m INFO[0m Compiled [196/382]: build-script-build
[2m   1.541s[0m [32m INFO[0m Compiled [197/382]: tower_layer
[2m   1.541s[0m [32m INFO[0m Compiled [198/382]: tower_service
[2m   1.541s[0m [32m INFO[0m Compiled [199/382]: utf8_iter
[2m   1.541s[0m [32m INFO[0m Compiled [200/382]: build-script-build
[2m   1.541s[0m [32m INFO[0m Compiled [201/382]: build-script-build
[2m   1.541s[0m [32m INFO[0m Compiled [203/382]: dioxus_html
[2m   1.542s[0m [32m INFO[0m Compiled [204/382]: idna
[2m   1.542s[0m [32m INFO[0m Compiled [207/382]: http_body_util
[2m   1.542s[0m [32m INFO[0m Compiled [208/382]: regex
[2m   1.542s[0m [32m INFO[0m Compiled [209/382]: serde_core
[2m   1.542s[0m [32m INFO[0m Compiled [210/382]: block_buffer
[2m   1.542s[0m [32m INFO[0m Compiled [211/382]: crypto_common
[2m   1.542s[0m [32m INFO[0m Compiled [212/382]: half
[2m   1.542s[0m [32m INFO[0m Compiled [213/382]: build-script-build
[2m   1.542s[0m [32m INFO[0m Compiled [214/382]: errno
[2m   1.542s[0m [32m INFO[0m Compiled [215/382]: encoding_rs
[2m   1.542s[0m [32m INFO[0m Compiled [216/382]: bitflags
[2m   1.542s[0m [32m INFO[0m Compiled [217/382]: lazy_static
[2m   1.542s[0m [32m INFO[0m Compiled [218/382]: build-script-build
[2m   1.542s[0m [32m INFO[0m Compiled [219/382]: bytes
[2m   1.542s[0m [32m INFO[0m Compiled [220/382]: build-script-build
[2m   1.542s[0m [32m INFO[0m Compiled [221/382]: equivalent
[2m   1.543s[0m [32m INFO[0m Compiled [222/382]: build-script-build
[2m   1.543s[0m [32m INFO[0m Compiled [223/382]: hashbrown
[2m   1.543s[0m [32m INFO[0m Compiled [224/382]: ciborium_io
[2m   1.543s[0m [32m INFO[0m Compiled [225/382]: unicase
[2m   1.543s[0m [32m INFO[0m Compiled [228/382]: prost
[2m   1.543s[0m [32m INFO[0m Compiled [230/382]: rustix
[2m   1.543s[0m [32m INFO[0m Compiled [231/382]: getrandom
[2m   1.543s[0m [32m INFO[0m Compiled [233/382]: build-script-build
[2m   1.543s[0m [32m INFO[0m Compiled [234/382]: ciborium_ll
[2m   1.543s[0m [32m INFO[0m Compiled [235/382]: indexmap
[2m   1.543s[0m [32m INFO[0m Compiled [236/382]: serde
[2m   1.543s[0m [32m INFO[0m Compiled [237/382]: url
[2m   1.543s[0m [32m INFO[0m Compiled [238/382]: axum_core
[2m   1.543s[0m [32m INFO[0m Compiled [239/382]: digest
[2m   1.543s[0m [32m INFO[0m Compiled [240/382]: crypto_common
[2m   1.543s[0m [32m INFO[0m Compiled [241/382]: block_buffer
[2m   1.544s[0m [32m INFO[0m Compiled [242/382]: dioxus_history
[2m   1.544s[0m [32m INFO[0m Compiled [243/382]: tokio
[2m   1.544s[0m [32m INFO[0m Compiled [244/382]: build-script-build
[2m   1.544s[0m [32m INFO[0m Compiled [245/382]: build-script-build
[2m   1.544s[0m [32m INFO[0m Compiled [246/382]: build-script-build
[2m   1.544s[0m [32m INFO[0m Compiled [247/382]: byteorder
[2m   1.545s[0m [32m INFO[0m Compiled [248/382]: ryu
[2m   1.545s[0m [32m INFO[0m Compiled [249/382]: fastrand
[2m   1.545s[0m [32m INFO[0m Compiled [250/382]: uuid
[2m   1.545s[0m [32m INFO[0m Compiled [251/382]: fnv
[2m   1.545s[0m [32m INFO[0m Compiled [252/382]: once_cell
[2m   1.545s[0m [32m INFO[0m Compiled [253/382]: fixedbitset
[2m   1.545s[0m [32m INFO[0m Compiled [254/382]: cfb
[2m   1.545s[0m [32m INFO[0m Compiled [257/382]: serde_urlencoded
[2m   1.545s[0m [32m INFO[0m Compiled [260/382]: digest
[2m   1.545s[0m [32m INFO[0m Compiled [261/382]: prettyplease
[2m   1.545s[0m [32m INFO[0m Compiled [262/382]: tempfile
[2m   1.545s[0m [32m INFO[0m Compiled [263/382]: petgraph
[2m   1.545s[0m [32m INFO[0m Compiled [264/382]: ciborium
[2m   1.545s[0m [32m INFO[0m Compiled [265/382]: const_serialize
[2m   1.545s[0m [32m INFO[0m Compiled [266/382]: httparse
[2m   1.545s[0m [32m INFO[0m Compiled [267/382]: syn
[2m   1.545s[0m [32m INFO[0m Compiled [268/382]: dioxus_document
[2m   1.545s[0m [32m INFO[0m Compiled [269/382]: prost_types
[2m   1.545s[0m [32m INFO[0m Compiled [270/382]: sharded_slab
[2m   1.545s[0m [32m INFO[0m Compiled [271/382]: matchers
[2m   1.546s[0m [32m INFO[0m Compiled [272/382]: build-script-build
[2m   1.546s[0m [32m INFO[0m Compiled [273/382]: cpufeatures
[2m   1.546s[0m [32m INFO[0m Compiled [274/382]: wasm_streams
[2m   1.546s[0m [32m INFO[0m Compiled [275/382]: convert_case
[2m   1.546s[0m [32m INFO[0m Compiled [276/382]: thiserror_impl
[2m   1.546s[0m [32m INFO[0m Compiled [277/382]: sledgehammer_bindgen_macro
[2m   1.546s[0m [32m INFO[0m Compiled [278/382]: inventory
[2m   1.546s[0m [32m INFO[0m Compiled [279/382]: thread_local
[2m   1.546s[0m [32m INFO[0m Compiled [280/382]: build-script-build
[2m   1.546s[0m [32m INFO[0m Compiled [281/382]: log
[2m   1.546s[0m [32m INFO[0m Compiled [282/382]: unicase
[2m   1.546s[0m [32m INFO[0m Compiled [283/382]: tinyvec_macros
[2m   1.546s[0m [32m INFO[0m Compiled [284/382]: spin
[2m   1.546s[0m [32m INFO[0m Compiled [285/382]: multimap
[2m   1.546s[0m [32m INFO[0m Compiled [286/382]: rustc_hash
[2m   1.546s[0m [32m INFO[0m Compiled [287/382]: heck
[2m   1.546s[0m [32m INFO[0m Compiled [288/382]: dioxus_fullstack_core
[2m   1.546s[0m [32m INFO[0m Compiled [289/382]: tracing_subscriber
[2m   1.546s[0m [32m INFO[0m Compiled [290/382]: sledgehammer_bindgen
[2m   1.546s[0m [32m INFO[0m Compiled [292/382]: prost_build
[2m   1.546s[0m [32m INFO[0m Compiled [293/382]: mime_guess
[2m   1.546s[0m [32m INFO[0m Compiled [294/382]: multer
[2m   1.546s[0m [32m INFO[0m Compiled [295/382]: sledgehammer_utils
[2m   1.547s[0m [32m INFO[0m Compiled [296/382]: tinyvec
[2m   1.547s[0m [32m INFO[0m Compiled [297/382]: thiserror
[2m   1.547s[0m [32m INFO[0m Compiled [298/382]: sha2
[2m   1.547s[0m [32m INFO[0m Compiled [300/382]: derive_more_impl
[2m   1.547s[0m [32m INFO[0m Compiled [301/382]: manganis_core
[2m   1.547s[0m [32m INFO[0m Compiled [302/382]: infer
[2m   1.547s[0m [32m INFO[0m Compiled [303/382]: proc_macro_error_attr
[2m   1.547s[0m [32m INFO[0m Compiled [304/382]: sha1
[2m   1.547s[0m [32m INFO[0m Compiled [305/382]: charset
[2m   1.547s[0m [32m INFO[0m Compiled [306/382]: tower
[2m   1.547s[0m [32m INFO[0m Compiled [307/382]: const_serialize
[2m   1.547s[0m [32m INFO[0m Compiled [308/382]: gloo_utils
[2m   1.547s[0m [32m INFO[0m Compiled [309/382]: dioxus_devtools_types
[2m   1.547s[0m [32m INFO[0m Compiled [310/382]: build-script-build
[2m   1.547s[0m [32m INFO[0m Compiled [311/382]: headers_core
[2m   1.547s[0m [32m INFO[0m Compiled [312/382]: getrandom
[2m   1.547s[0m [32m INFO[0m Compiled [313/382]: const_format
[2m   1.547s[0m [32m INFO[0m Compiled [314/382]: futures_executor
[2m   1.547s[0m [32m INFO[0m Compiled [315/382]: macro_string
[2m   1.547s[0m [32m INFO[0m Compiled [316/382]: async_stream_impl
[2m   1.547s[0m [32m INFO[0m Compiled [317/382]: send_wrapper
[2m   1.547s[0m [32m INFO[0m Compiled [318/382]: serde_path_to_error
[2m   1.547s[0m [32m INFO[0m Compiled [319/382]: matchit
[2m   1.547s[0m [32m INFO[0m Compiled [320/382]: xxhash_rust
[2m   1.547s[0m [32m INFO[0m Compiled [321/382]: httpdate
[2m   1.547s[0m [32m INFO[0m Compiled [322/382]: base16
[2m   1.547s[0m [32m INFO[0m Compiled [323/382]: slab
[2m   1.547s[0m [32m INFO[0m Compiled [324/382]: dunce
[2m   1.547s[0m [32m INFO[0m Compiled [325/382]: async_stream
[2m   1.547s[0m [32m INFO[0m Compiled [326/382]: futures
[2m   1.548s[0m [32m INFO[0m Compiled [327/382]: axum
[2m   1.548s[0m [32m INFO[0m Compiled [328/382]: rand_core
[2m   1.548s[0m [32m INFO[0m Compiled [329/382]: headers
[2m   1.548s[0m [32m INFO[0m Compiled [330/382]: dioxus_fullstack_macro
[2m   1.548s[0m [32m INFO[0m Compiled [331/382]: dioxus_devtools
[2m   1.548s[0m [32m INFO[0m Compiled [332/382]: manganis_macro
[2m   1.548s[0m [32m INFO[0m Compiled [333/382]: dioxus_router_macro
[2m   1.548s[0m [32m INFO[0m Compiled [334/382]: gloo_net
[2m   1.548s[0m [32m INFO[0m Compiled [335/382]: dioxus_asset_resolver
[2m   1.548s[0m [32m INFO[0m Compiled [336/382]: proc_macro_error
[2m   1.548s[0m [32m INFO[0m Compiled [338/382]: content_disposition
[2m   1.548s[0m [32m INFO[0m Compiled [339/382]: manganis_core
[2m   1.548s[0m [32m INFO[0m Compiled [340/382]: dioxus_interpreter_js
[2m   1.548s[0m [32m INFO[0m Compiled [341/382]: reqwest
[2m   1.548s[0m [32m INFO[0m Compiled [342/382]: build-script-build
[2m   1.548s[0m [32m INFO[0m Compiled [343/382]: unicode_normalization
[2m   1.548s[0m [32m INFO[0m Compiled [344/382]: derive_more
[2m   1.548s[0m [32m INFO[0m Compiled [345/382]: tracing_wasm
[2m   1.548s[0m [32m INFO[0m Compiled [346/382]: validator_types
[2m   1.548s[0m [32m INFO[0m Compiled [347/382]: ppv_lite86
[2m   1.548s[0m [32m INFO[0m Compiled [348/382]: serde_qs
[2m   1.548s[0m [32m INFO[0m Compiled [349/382]: dioxus_stores_macro
[2m   1.548s[0m [32m INFO[0m Compiled [350/382]: serde_wasm_bindgen
[2m   1.548s[0m [32m INFO[0m Compiled [351/382]: gloo_timers
[2m   1.548s[0m [32m INFO[0m Compiled [352/382]: const_str
[2m   1.548s[0m [32m INFO[0m Compiled [353/382]: powerfmt
[2m   1.548s[0m [32m INFO[0m Compiled [354/382]: if_chain
[2m   1.548s[0m [32m INFO[0m Compiled [355/382]: lazy_static
[2m   1.549s[0m [32m INFO[0m Compiled [356/382]: unicode_bidi
[2m   1.549s[0m [32m INFO[0m Compiled [357/382]: xxhash_rust
[2m   1.549s[0m [32m INFO[0m Compiled [358/382]: dioxus_stores
[2m   1.549s[0m [32m INFO[0m Compiled [359/382]: rand_chacha
[2m   1.549s[0m [32m INFO[0m Compiled [360/382]: dioxus_web
[2m   1.549s[0m [32m INFO[0m Compiled [361/382]: dioxus_logger
[2m   1.549s[0m [32m INFO[0m Compiled [362/382]: validator_derive
[2m   1.549s[0m [32m INFO[0m Compiled [363/382]: idna
[2m   1.549s[0m [32m INFO[0m Compiled [364/382]: deranged
[2m   1.549s[0m [32m INFO[0m Compiled [365/382]: dioxus_fullstack
[2m   1.549s[0m [32m INFO[0m Compiled [367/382]: manganis
[2m   1.549s[0m [32m INFO[0m Compiled [368/382]: dioxus_router
[2m   1.549s[0m [32m INFO[0m Compiled [369/382]: regex
[2m   1.549s[0m [32m INFO[0m Compiled [370/382]: prost
[2m   1.549s[0m [32m INFO[0m Compiled [371/382]: dioxus_config_macro
[2m   1.549s[0m [32m INFO[0m Compiled [372/382]: dioxus_config_macros
[2m   1.549s[0m [32m INFO[0m Compiled [373/382]: time_core
[2m   1.549s[0m [32m INFO[0m Compiled [374/382]: num_conv
[2m   1.549s[0m [32m INFO[0m Compiled [375/382]: validator
[2m   1.549s[0m [32m INFO[0m Compiled [376/382]: field_validator
[2m   1.549s[0m [32m INFO[0m Compiled [377/382]: rand
[2m   1.549s[0m [32m INFO[0m Compiled [378/382]: sha2
[2m   1.549s[0m [32m INFO[0m Compiled [379/382]: hex
[2m   1.549s[0m [32m INFO[0m Compiled [380/382]: dioxus
[2m   1.549s[0m [32m INFO[0m Compiled [381/382]: time
[2m   1.549s[0m [32m INFO[0m  [1m[33mwarning[0m[1m: variable does not need to be mutable[0m
 [1m[94m--> [0msrc/pages/login.rs:9:9
  [1m[94m|[0m
[1m[94m9[0m [1m[94m|[0m     let mut username = use_signal(|| String::new());
  [1m[94m|[0m         [1m[94m----[0m[1m[33m^^^^^^^^[0m
  [1m[94m|[0m         [1m[94m|[0m
  [1m[94m|[0m         [1m[94mhelp: remove this `mut`[0m
  [1m[94m|[0m
  [1m[94m= [0m[1mnote[0m: `#[warn(unused_mut)]` (part of `#[warn(unused)]`) on by default


[2m   1.549s[0m [32m INFO[0m  [1m[33mwarning[0m[1m: variable does not need to be mutable[0m
  [1m[94m--> [0msrc/pages/login.rs:10:9
   [1m[94m|[0m
[1m[94m10[0m [1m[94m|[0m     let mut password = use_signal(|| String::new());
   [1m[94m|[0m         [1m[94m----[0m[1m[33m^^^^^^^^[0m
   [1m[94m|[0m         [1m[94m|[0m
   [1m[94m|[0m         [1m[94mhelp: remove this `mut`[0m


[2m   1.549s[0m [32m INFO[0m  [1m[33mwarning[0m[1m: variable does not need to be mutable[0m
 [1m[94m--> [0msrc/pages/register.rs:9:9
  [1m[94m|[0m
[1m[94m9[0m [1m[94m|[0m     let mut username = use_signal(|| String::new());
  [1m[94m|[0m         [1m[94m----[0m[1m[33m^^^^^^^^[0m
  [1m[94m|[0m         [1m[94m|[0m
  [1m[94m|[0m         [1m[94mhelp: remove this `mut`[0m


[2m   1.549s[0m [32m INFO[0m  [1m[33mwarning[0m[1m: variable does not need to be mutable[0m
  [1m[94m--> [0msrc/pages/register.rs:10:9
   [1m[94m|[0m
[1m[94m10[0m [1m[94m|[0m     let mut email = use_signal(|| String::new());
   [1m[94m|[0m         [1m[94m----[0m[1m[33m^^^^^[0m
   [1m[94m|[0m         [1m[94m|[0m
   [1m[94m|[0m         [1m[94mhelp: remove this `mut`[0m


[2m   1.549s[0m [32m INFO[0m  [1m[33mwarning[0m[1m: variable does not need to be mutable[0m
  [1m[94m--> [0msrc/pages/register.rs:11:9
   [1m[94m|[0m
[1m[94m11[0m [1m[94m|[0m     let mut password = use_signal(|| String::new());
   [1m[94m|[0m         [1m[94m----[0m[1m[33m^^^^^^^^[0m
   [1m[94m|[0m         [1m[94m|[0m
   [1m[94m|[0m         [1m[94mhelp: remove this `mut`[0m


[2m   1.549s[0m [32m INFO[0m  [1m[33mwarning[0m[1m: variable does not need to be mutable[0m
  [1m[94m--> [0msrc/pages/register.rs:12:9
   [1m[94m|[0m
[1m[94m12[0m [1m[94m|[0m     let mut confirm_password = use_signal(|| String::new());
   [1m[94m|[0m         [1m[94m----[0m[1m[33m^^^^^^^^^^^^^^^^[0m
   [1m[94m|[0m         [1m[94m|[0m
   [1m[94m|[0m         [1m[94mhelp: remove this `mut`[0m


[2m   1.549s[0m [32m INFO[0m  [1m[33mwarning[0m[1m: variable does not need to be mutable[0m
  [1m[94m--> [0msrc/pages/forgot_password.rs:10:9
   [1m[94m|[0m
[1m[94m10[0m [1m[94m|[0m     let mut identifier = use_signal(|| String::new());
   [1m[94m|[0m         [1m[94m----[0m[1m[33m^^^^^^^^^^[0m
   [1m[94m|[0m         [1m[94m|[0m
   [1m[94m|[0m         [1m[94mhelp: remove this `mut`[0m


[2m   1.550s[0m [32m INFO[0m  [1m[33mwarning[0m[1m: variable does not need to be mutable[0m
  [1m[94m--> [0msrc/pages/reset_password.rs:10:9
   [1m[94m|[0m
[1m[94m10[0m [1m[94m|[0m     let mut password = use_signal(|| String::new());
   [1m[94m|[0m         [1m[94m----[0m[1m[33m^^^^^^^^[0m
   [1m[94m|[0m         [1m[94m|[0m
   [1m[94m|[0m         [1m[94mhelp: remove this `mut`[0m


[2m   1.550s[0m [32m INFO[0m  [1m[33mwarning[0m[1m: variable does not need to be mutable[0m
  [1m[94m--> [0msrc/pages/reset_password.rs:11:9
   [1m[94m|[0m
[1m[94m11[0m [1m[94m|[0m     let mut confirm_password = use_signal(|| String::new());
   [1m[94m|[0m         [1m[94m----[0m[1m[33m^^^^^^^^^^^^^^^^[0m
   [1m[94m|[0m         [1m[94m|[0m
   [1m[94m|[0m         [1m[94mhelp: remove this `mut`[0m


[2m   1.550s[0m [32m INFO[0m  [1m[33mwarning[0m[1m: struct `ValidationData` is never constructed[0m
  [1m[94m--> [0msrc/api.rs:36:12
   [1m[94m|[0m
[1m[94m36[0m [1m[94m|[0m pub struct ValidationData {
   [1m[94m|[0m            [1m[33m^^^^^^^^^^^^^^[0m
   [1m[94m|[0m
   [1m[94m= [0m[1mnote[0m: `#[warn(dead_code)]` (part of `#[warn(unused)]`) on by default


[2m   1.552s[0m [32m INFO[0m Compiled [382/382]: memeshark
[2m   1.738s[0m [32m INFO[0m Bundling app...
[2m   1.738s[0m [32m INFO[0m Running wasm-bindgen...
[2m   4.717s[0m [32m INFO[0m Copying asset (1/3): /Users/kamo/Studia/MGR/Sem-II/App-Sec/project/dioxus/assets/favicon.ico
[2m   4.717s[0m [32m INFO[0m Copying asset (2/3): /Users/kamo/Studia/MGR/Sem-II/App-Sec/project/dioxus/assets/main.css
[2m   4.717s[0m [32m INFO[0m Copying asset (3/3): /Users/kamo/Studia/MGR/Sem-II/App-Sec/project/dioxus/assets/tailwind.css
[2m   4.717s[0m [32m INFO[0m Client build completed successfully! 🚀 path="/Users/kamo/Studia/MGR/Sem-II/App-Sec/project/dioxus/target/dx/memeshark/debug/web/public"
